LSB Version:	:core-4.1-amd64:core-4.1-noarch
Distributor ID:	RedHatEnterprise
Description:	Red Hat Enterprise Linux release 8.7 (Ootpa)
Release:	8.7
Codename:	Ootpa
SLURM_JOBID 122692 SLURM_JOBID
1.12.1
----------------- Options ---------------
                     CtoE: False                         
                      DEM: True                          
                NE_MARGIN: True                          
          NE_MARGIN_VALUE: -0.25                         
                    activ: lrelu                         
                    batch: AdaIn                         	[default: batch]
               batch_size: 5                             	[default: 1]
                    beta1: 0.5                           
          checkpoints_dir: checkpoints                   
           continue_train: True                          
                crop_size: 256                           
                 dataroot: /gpfs/sharedfs1/manoslab/data/Qdata/GAN_CD/Sample_Preare/Huston/U10T24_S1S1S2_LCCDEM_O30_R200_128_QF	[default: None]
             dataset_mode: S1S2IALCCDEM                  	[default: Land2S1]
                direction: AtoB                          
              display_env: main                          
             display_freq: 400                           
               display_id: 1                             
            display_ncols: 4                             
             display_port: 8097                          
           display_server: http://localhost              
          display_winsize: 256                           
                    epoch: latest                        
              epoch_count: 1                             
                 gan_mode: wgangp                        	[default: lsgan]
                    gan_w: 1                             
                  gpu_ids: 0                             
                init_gain: 0.02                          
                init_type: kaiming                       
                 input_nc: 6                             
                  isTrain: True                          	[default: None]
               lambda_LDS: 1                             
               latent_dim: 9                             
                load_iter: 0                             	[default: 0]
                load_size: 256                           
                  log_dir: log                           
                       lr: 0.0004                        	[default: 0.0002]
           lr_decay_iters: 50                            
                lr_policy: linear                        
              main_ex_dir: /gpfs/sharedfs1/manoslab/data/Qdata/GAN_OUTPUT
         max_dataset_size: inf                           
                  mlp_dim: 256                           
                    model: DS3XINC                       	[default: pix2pix_attn]
             n_downsample: 2                             
               n_layers_D: 3                             
                    n_res: 4                             
                     name: DS3XINC_S1S1LIALCCDEMSLRL_diversity_U10_condi_SGD__S1S2IALCCDEM_DS3XINC_AdaINGen_3X2E_wgangp_NormAdaIn_batchsize5	[default: experiment_name]
                      ndf: 64                            
                     netD: MsImageDis                    
                     netG: AdaINGen_3X2E                 
                      ngf: 64                            
                    niter: 30                            	[default: 100]
              niter_decay: 120                           	[default: 100]
               no_dropout: True                          
                  no_flip: False                         
                  no_html: False                         
                     norm: AdaIn                         
                num_class: 1                             
              num_threads: 8                             
                output_nc: 2                             	[default: 1]
                 pad_type: reflect                       
                    phase: train                         
                pool_size: 50                            
             predict_freq: 20000                         
               preprocess: resize_and_crop               
               print_freq: 50                            
                recon_c_w: 1                             
                recon_s_w: 1                             
            recon_x_cyc_w: 10                            
                recon_x_w: 10                            
              results_dir: results                       
             save_by_iter: False                         
          save_epoch_freq: 1                             	[default: 5]
         save_latest_freq: 25000                         	[default: -1]
           serial_batches: False                         
              split_ratio: 0.02                          
            split_shuffle: False                         
                style_dim: 8                             
                   suffix: _{dataset_mode}_{model}_{netG}_{gan_mode}_Norm{batch}_batchsize{batch_size}
         update_html_freq: 1000                          
               use_same_D: True                          
               use_same_G: True                          
             valid_batchs: 20                            
              valid_nrows: 5                             
                  verbose: False                         
                    vgg_w: 1                             
----------------- End -------------------
Train dataset [S1S2IALCCDEMDataset] was created
Vali dataset [Subset] was created
The number of training images = 112304
The number of validating images = 2292
Use GPU!
NVIDIA A100-PCIE-40GB
initialize network with kaiming
/home/qiy17007/miniconda3/envs/torch3/lib/python3.9/site-packages/torchvision/models/_utils.py:208: UserWarning: The parameter 'pretrained' is deprecated since 0.13 and will be removed in 0.15, please use 'weights' instead.
  warnings.warn(
/home/qiy17007/miniconda3/envs/torch3/lib/python3.9/site-packages/torchvision/models/_utils.py:223: UserWarning: Arguments other than a weight enum or `None` for 'weights' are deprecated since 0.13 and will be removed in 0.15. The current behavior is equivalent to passing `weights=VGG16_Weights.IMAGENET1K_V1`. You can also use `weights=VGG16_Weights.DEFAULT` to get the most up-to-date weights.
  warnings.warn(msg)
initialize network with kaiming
/home/qiy17007/miniconda3/envs/torch3/lib/python3.9/site-packages/torch/nn/_reduction.py:42: UserWarning: size_average and reduce args will be deprecated, please use reduction='none' instead.
  warnings.warn(warning.format(ret))
model [DS3XINCModel] was created
---------- Networks initialized -------------
[Network G_A] Total number of parameters : 44.078 M
[Network D_A] Total number of parameters : 1.987 M
-----------------------------------------------
create web directory /gpfs/sharedfs1/manoslab/data/Qdata/GAN_OUTPUT/DS3XINC_S1S1LIALCCDEMSLRL_diversity_U10_condi_SGD__S1S2IALCCDEM_DS3XINC_AdaINGen_3X2E_wgangp_NormAdaIn_batchsize5/checkpoints/DS3XINC_S1S1LIALCCDEMSLRL_diversity_U10_condi_SGD__S1S2IALCCDEM_DS3XINC_AdaINGen_3X2E_wgangp_NormAdaIn_batchsize5/web...
(epoch: 1, iters: 250, time: 0.185, data: 0.003) D_xa_carsacondib: 296.1462 D_xa_casbita: 293.7796 D_xa_casccondia: 292.0623 D_xb_cbrsbcondia: 291.4347 D_xb_cbsaitb: 289.0773 D_xb_cbsccondib: 287.5326 D_xc_ccrsacondic: 301.6994 D_xc_ccrsbcondic: 301.6747 D_xc_ccsaic: 295.4376 D_xc_ccsbic: 295.0994 gp_xa_carsacondib: 296.1620 gp_xa_casbita: 293.7859 gp_xa_casccondia: 292.0626 gp_xb_cbrsbcondia: 291.4663 gp_xb_cbsaitb: 289.0825 gp_xb_cbsccondib: 287.5379 gp_xc_ccrsacondic: 301.6919 gp_xc_ccrsbcondic: 301.6989 gp_xc_ccsaic: 295.4423 gp_xc_ccsbic: 295.1041 gen_recon_x_a: 0.3269 gen_recon_x_b: 0.3146 gen_recon_x_c: 0.3367 L1_ita: 1.0251 L1_itb: 1.0043 L1_itc: 0.8483 L1_prisa_xbrec: 0.0119 L1_prisa_xcrec: 0.0308 L1_prisb_xarec: 0.0115 L1_prisb_xcrec: 0.0276 L1_prisc_xarec: 0.0278 L1_prisc_xbrec: 0.0315 L1_rsa_xarec: 0.7767 L1_rsa_xcrec: 0.7785 L1_rsb_xcrec: 0.9117 L1_condia_xarec: 0.4661 L1_condia_xbrec: 0.5367 L1_condic_xcrec1: 0.4142 L1_condic_xcrec2: 0.4116 L1_ita_xarec: 0.5876 L1_itb_xbrec: 0.5917 L1_itc_xcrec1: 0.6190 L1_itc_xcrec2: 0.6198 secrecon_x_a: 0.2959 secrecon_x_b: 0.2801 secrecon_x_c1: 0.2988 secrecon_x_c2: 0.3016 Icp_xa_carsacondib: 0.0928 Icp_xa_casbita: 0.0816 Icp_xa_casccondia: 0.0816 Icp_xb_cbrsbcondia: 0.1118 Icp_xb_cbsaitb: 0.1019 Icp_xb_cbsccondib: 0.0886 Icp_xc_ccrsacondic: 0.0757 Icp_xc_ccrsbcondic: 0.0759 Icp_xc_ccsaic: 0.0661 Icp_xc_ccsbic: 0.0661 DS_xa: -4.9313 DS_xb: -2.5471 DS_xc_rsab: -0.2500 DS_xc_sab: -0.2500 G_xa_carsacondib: -0.2419 G_xa_casbita: -0.2091 G_xa_casccondia: -0.2178 G_xb_cbrsbcondia: -0.2588 G_xb_cbsaitb: -0.2447 G_xb_cbsccondib: -0.2473 G_xc_ccrsacondic: -0.2475 G_xc_ccrsbcondic: -0.2137 G_xc_ccsaic: -0.1986 G_xc_ccsbic: -0.1990 
(epoch: 1, iters: 500, time: 0.188, data: 0.003) D_xa_carsacondib: 138.1964 D_xa_casbita: 135.5253 D_xa_casccondia: 135.7121 D_xb_cbrsbcondia: 135.8923 D_xb_cbsaitb: 133.7807 D_xb_cbsccondib: 134.5167 D_xc_ccrsacondic: 145.6324 D_xc_ccrsbcondic: 146.0197 D_xc_ccsaic: 143.1219 D_xc_ccsbic: 143.2010 gp_xa_carsacondib: 138.1951 gp_xa_casbita: 135.5259 gp_xa_casccondia: 135.7125 gp_xb_cbrsbcondia: 135.9003 gp_xb_cbsaitb: 133.7831 gp_xb_cbsccondib: 134.5186 gp_xc_ccrsacondic: 145.6282 gp_xc_ccrsbcondic: 146.0188 gp_xc_ccsaic: 143.1228 gp_xc_ccsbic: 143.2019 gen_recon_x_a: 0.2331 gen_recon_x_b: 0.2269 gen_recon_x_c: 0.2519 L1_ita: 0.6243 L1_itb: 0.5785 L1_itc: 0.5530 L1_prisa_xbrec: 0.0184 L1_prisa_xcrec: 0.0151 L1_prisb_xarec: 0.0125 L1_prisb_xcrec: 0.0102 L1_prisc_xarec: 0.0104 L1_prisc_xbrec: 0.0135 L1_rsa_xarec: 0.7488 L1_rsa_xcrec: 0.7474 L1_rsb_xcrec: 0.6672 L1_condia_xarec: 0.2479 L1_condia_xbrec: 0.2465 L1_condic_xcrec1: 0.2062 L1_condic_xcrec2: 0.2049 L1_ita_xarec: 0.3758 L1_itb_xbrec: 0.3820 L1_itc_xcrec1: 0.3490 L1_itc_xcrec2: 0.3486 secrecon_x_a: 0.2463 secrecon_x_b: 0.2360 secrecon_x_c1: 0.2613 secrecon_x_c2: 0.2590 Icp_xa_carsacondib: 0.0718 Icp_xa_casbita: 0.0732 Icp_xa_casccondia: 0.0684 Icp_xb_cbrsbcondia: 0.0786 Icp_xb_cbsaitb: 0.0688 Icp_xb_cbsccondib: 0.0645 Icp_xc_ccrsacondic: 0.0666 Icp_xc_ccrsbcondic: 0.0776 Icp_xc_ccsaic: 0.0627 Icp_xc_ccsbic: 0.0630 DS_xa: -1.6276 DS_xb: -1.1811 DS_xc_rsab: -0.2500 DS_xc_sab: -0.2500 G_xa_carsacondib: 0.0238 G_xa_casbita: 0.0207 G_xa_casccondia: 0.0203 G_xb_cbrsbcondia: 0.0531 G_xb_cbsaitb: 0.0454 G_xb_cbsccondib: 0.0448 G_xc_ccrsacondic: -0.0308 G_xc_ccrsbcondic: -0.0310 G_xc_ccsaic: -0.0317 G_xc_ccsbic: -0.0317 
(epoch: 1, iters: 750, time: 0.186, data: 0.003) D_xa_carsacondib: 85.7121 D_xa_casbita: 84.4226 D_xa_casccondia: 84.2925 D_xb_cbrsbcondia: 87.7698 D_xb_cbsaitb: 86.8888 D_xb_cbsccondib: 87.0542 D_xc_ccrsacondic: 89.2384 D_xc_ccrsbcondic: 88.5959 D_xc_ccsaic: 87.9406 D_xc_ccsbic: 87.7333 gp_xa_carsacondib: 85.7267 gp_xa_casbita: 84.4252 gp_xa_casccondia: 84.2948 gp_xb_cbrsbcondia: 87.7802 gp_xb_cbsaitb: 86.8893 gp_xb_cbsccondib: 87.0545 gp_xc_ccrsacondic: 89.2446 gp_xc_ccrsbcondic: 88.5980 gp_xc_ccsaic: 87.9409 gp_xc_ccsbic: 87.7336 gen_recon_x_a: 0.2235 gen_recon_x_b: 0.2287 gen_recon_x_c: 0.1801 L1_ita: 0.4071 L1_itb: 0.4237 L1_itc: 0.4020 L1_prisa_xbrec: 0.0166 L1_prisa_xcrec: 0.0179 L1_prisb_xarec: 0.0222 L1_prisb_xcrec: 0.0203 L1_prisc_xarec: 0.0112 L1_prisc_xbrec: 0.0117 L1_rsa_xarec: 0.5775 L1_rsa_xcrec: 0.5840 L1_rsb_xcrec: 0.7228 L1_condia_xarec: 0.2608 L1_condia_xbrec: 0.1758 L1_condic_xcrec1: 0.1646 L1_condic_xcrec2: 0.1413 L1_ita_xarec: 0.2729 L1_itb_xbrec: 0.2686 L1_itc_xcrec1: 0.2352 L1_itc_xcrec2: 0.2351 secrecon_x_a: 0.2313 secrecon_x_b: 0.2446 secrecon_x_c1: 0.1985 secrecon_x_c2: 0.1946 Icp_xa_carsacondib: 0.0472 Icp_xa_casbita: 0.0454 Icp_xa_casccondia: 0.0366 Icp_xb_cbrsbcondia: 0.0504 Icp_xb_cbsaitb: 0.0511 Icp_xb_cbsccondib: 0.0433 Icp_xc_ccrsacondic: 0.0625 Icp_xc_ccrsbcondic: 0.0614 Icp_xc_ccsaic: 0.0551 Icp_xc_ccsbic: 0.0553 DS_xa: -0.7820 DS_xb: -1.0318 DS_xc_rsab: -0.2500 DS_xc_sab: -0.2670 G_xa_carsacondib: -0.1396 G_xa_casbita: -0.1457 G_xa_casccondia: -0.1466 G_xb_cbrsbcondia: -0.1469 G_xb_cbsaitb: -0.1533 G_xb_cbsccondib: -0.1543 G_xc_ccrsacondic: -0.1425 G_xc_ccrsbcondic: -0.1445 G_xc_ccsaic: -0.1420 G_xc_ccsbic: -0.1420 
(epoch: 1, iters: 1000, time: 0.187, data: 0.003) D_xa_carsacondib: 47.7607 D_xa_casbita: 46.0397 D_xa_casccondia: 45.9641 D_xb_cbrsbcondia: 44.9721 D_xb_cbsaitb: 44.7840 D_xb_cbsccondib: 45.1055 D_xc_ccrsacondic: 61.8681 D_xc_ccrsbcondic: 62.9759 D_xc_ccsaic: 61.7866 D_xc_ccsbic: 61.7739 gp_xa_carsacondib: 47.7661 gp_xa_casbita: 46.0404 gp_xa_casccondia: 45.9640 gp_xb_cbrsbcondia: 44.9745 gp_xb_cbsaitb: 44.7835 gp_xb_cbsccondib: 45.1040 gp_xc_ccrsacondic: 61.8670 gp_xc_ccrsbcondic: 62.9769 gp_xc_ccsaic: 61.7874 gp_xc_ccsbic: 61.7747 gen_recon_x_a: 0.2778 gen_recon_x_b: 0.2623 gen_recon_x_c: 0.2091 L1_ita: 0.3852 L1_itb: 0.3854 L1_itc: 0.3510 L1_prisa_xbrec: 0.0255 L1_prisa_xcrec: 0.0279 L1_prisb_xarec: 0.0250 L1_prisb_xcrec: 0.0286 L1_prisc_xarec: 0.0187 L1_prisc_xbrec: 0.0187 L1_rsa_xarec: 0.8357 L1_rsa_xcrec: 0.8418 L1_rsb_xcrec: 0.7690 L1_condia_xarec: 0.1731 L1_condia_xbrec: 0.1685 L1_condic_xcrec1: 0.1417 L1_condic_xcrec2: 0.1449 L1_ita_xarec: 0.2316 L1_itb_xbrec: 0.2294 L1_itc_xcrec1: 0.1898 L1_itc_xcrec2: 0.1893 secrecon_x_a: 0.2742 secrecon_x_b: 0.2641 secrecon_x_c1: 0.2113 secrecon_x_c2: 0.2134 Icp_xa_carsacondib: 0.0889 Icp_xa_casbita: 0.0788 Icp_xa_casccondia: 0.0747 Icp_xb_cbrsbcondia: 0.0820 Icp_xb_cbsaitb: 0.0723 Icp_xb_cbsccondib: 0.0658 Icp_xc_ccrsacondic: 0.0593 Icp_xc_ccrsbcondic: 0.0669 Icp_xc_ccsaic: 0.0630 Icp_xc_ccsbic: 0.0628 DS_xa: -1.7058 DS_xb: -1.0161 DS_xc_rsab: -0.2500 DS_xc_sab: -0.2880 G_xa_carsacondib: -0.1170 G_xa_casbita: -0.1241 G_xa_casccondia: -0.1251 G_xb_cbrsbcondia: -0.1070 G_xb_cbsaitb: -0.1125 G_xb_cbsccondib: -0.1136 G_xc_ccrsacondic: -0.1626 G_xc_ccrsbcondic: -0.1606 G_xc_ccsaic: -0.1619 G_xc_ccsbic: -0.1619 
(epoch: 1, iters: 1250, time: 0.185, data: 0.004) D_xa_carsacondib: 36.1260 D_xa_casbita: 35.9700 D_xa_casccondia: 35.9474 D_xb_cbrsbcondia: 38.6628 D_xb_cbsaitb: 37.7845 D_xb_cbsccondib: 37.6587 D_xc_ccrsacondic: 42.4835 D_xc_ccrsbcondic: 43.1893 D_xc_ccsaic: 42.1747 D_xc_ccsbic: 42.2544 gp_xa_carsacondib: 36.1305 gp_xa_casbita: 35.9689 gp_xa_casccondia: 35.9466 gp_xb_cbrsbcondia: 38.6684 gp_xb_cbsaitb: 37.7831 gp_xb_cbsccondib: 37.6584 gp_xc_ccrsacondic: 42.4903 gp_xc_ccrsbcondic: 43.1927 gp_xc_ccsaic: 42.1759 gp_xc_ccsbic: 42.2557 gen_recon_x_a: 0.1664 gen_recon_x_b: 0.1748 gen_recon_x_c: 0.1641 L1_ita: 0.2880 L1_itb: 0.2901 L1_itc: 0.2860 L1_prisa_xbrec: 0.0141 L1_prisa_xcrec: 0.0143 L1_prisb_xarec: 0.0164 L1_prisb_xcrec: 0.0163 L1_prisc_xarec: 0.0117 L1_prisc_xbrec: 0.0120 L1_rsa_xarec: 0.6635 L1_rsa_xcrec: 0.6650 L1_rsb_xcrec: 0.6050 L1_condia_xarec: 0.0849 L1_condia_xbrec: 0.1139 L1_condic_xcrec1: 0.0884 L1_condic_xcrec2: 0.0784 L1_ita_xarec: 0.1667 L1_itb_xbrec: 0.1675 L1_itc_xcrec1: 0.1657 L1_itc_xcrec2: 0.1655 secrecon_x_a: 0.1812 secrecon_x_b: 0.1819 secrecon_x_c1: 0.1802 secrecon_x_c2: 0.1795 Icp_xa_carsacondib: 0.0574 Icp_xa_casbita: 0.0505 Icp_xa_casccondia: 0.0486 Icp_xb_cbrsbcondia: 0.0599 Icp_xb_cbsaitb: 0.0463 Icp_xb_cbsccondib: 0.0472 Icp_xc_ccrsacondic: 0.0740 Icp_xc_ccrsbcondic: 0.0711 Icp_xc_ccsaic: 0.0582 Icp_xc_ccsbic: 0.0579 DS_xa: -1.6286 DS_xb: -1.0750 DS_xc_rsab: -0.2500 DS_xc_sab: -0.2539 G_xa_carsacondib: -0.1387 G_xa_casbita: -0.1467 G_xa_casccondia: -0.1469 G_xb_cbrsbcondia: -0.1391 G_xb_cbsaitb: -0.1505 G_xb_cbsccondib: -0.1499 G_xc_ccrsacondic: -0.1346 G_xc_ccrsbcondic: -0.1361 G_xc_ccsaic: -0.1425 G_xc_ccsbic: -0.1424 
(epoch: 1, iters: 1500, time: 0.188, data: 0.003) D_xa_carsacondib: 27.8551 D_xa_casbita: 27.8345 D_xa_casccondia: 27.8452 D_xb_cbrsbcondia: 26.1575 D_xb_cbsaitb: 25.8295 D_xb_cbsccondib: 25.8074 D_xc_ccrsacondic: 25.0978 D_xc_ccrsbcondic: 25.3530 D_xc_ccsaic: 25.1916 D_xc_ccsbic: 25.1138 gp_xa_carsacondib: 27.8623 gp_xa_casbita: 27.8335 gp_xa_casccondia: 27.8441 gp_xb_cbrsbcondia: 26.1599 gp_xb_cbsaitb: 25.8280 gp_xb_cbsccondib: 25.8055 gp_xc_ccrsacondic: 25.1044 gp_xc_ccrsbcondic: 25.3545 gp_xc_ccsaic: 25.1898 gp_xc_ccsbic: 25.1119 gen_recon_x_a: 0.1946 gen_recon_x_b: 0.1968 gen_recon_x_c: 0.2346 L1_ita: 0.2338 L1_itb: 0.2370 L1_itc: 0.2829 L1_prisa_xbrec: 0.0220 L1_prisa_xcrec: 0.0267 L1_prisb_xarec: 0.0215 L1_prisb_xcrec: 0.0271 L1_prisc_xarec: 0.0201 L1_prisc_xbrec: 0.0207 L1_rsa_xarec: 0.8412 L1_rsa_xcrec: 0.8411 L1_rsb_xcrec: 0.6269 L1_condia_xarec: 0.1461 L1_condia_xbrec: 0.1159 L1_condic_xcrec1: 0.0949 L1_condic_xcrec2: 0.1010 L1_ita_xarec: 0.1679 L1_itb_xbrec: 0.1697 L1_itc_xcrec1: 0.1793 L1_itc_xcrec2: 0.1790 secrecon_x_a: 0.2032 secrecon_x_b: 0.2020 secrecon_x_c1: 0.2433 secrecon_x_c2: 0.2388 Icp_xa_carsacondib: 0.0536 Icp_xa_casbita: 0.0374 Icp_xa_casccondia: 0.0300 Icp_xb_cbrsbcondia: 0.0656 Icp_xb_cbsaitb: 0.0454 Icp_xb_cbsccondib: 0.0379 Icp_xc_ccrsacondic: 0.0543 Icp_xc_ccrsbcondic: 0.0716 Icp_xc_ccsaic: 0.0544 Icp_xc_ccsbic: 0.0541 DS_xa: -1.0908 DS_xb: -1.0782 DS_xc_rsab: -0.2500 DS_xc_sab: -0.4211 G_xa_carsacondib: -0.0357 G_xa_casbita: -0.0472 G_xa_casccondia: -0.0473 G_xb_cbrsbcondia: -0.0434 G_xb_cbsaitb: -0.0450 G_xb_cbsccondib: -0.0453 G_xc_ccrsacondic: -0.0594 G_xc_ccrsbcondic: -0.0711 G_xc_ccsaic: -0.0714 G_xc_ccsbic: -0.0713 
(epoch: 1, iters: 1750, time: 0.186, data: 0.003) D_xa_carsacondib: 22.7426 D_xa_casbita: 22.3027 D_xa_casccondia: 22.3966 D_xb_cbrsbcondia: 21.9355 D_xb_cbsaitb: 21.7568 D_xb_cbsccondib: 21.7463 D_xc_ccrsacondic: 21.9012 D_xc_ccrsbcondic: 22.0626 D_xc_ccsaic: 21.6516 D_xc_ccsbic: 21.6910 gp_xa_carsacondib: 22.7557 gp_xa_casbita: 22.3035 gp_xa_casccondia: 22.3972 gp_xb_cbrsbcondia: 21.9495 gp_xb_cbsaitb: 21.7581 gp_xb_cbsccondib: 21.7473 gp_xc_ccrsacondic: 21.9186 gp_xc_ccrsbcondic: 22.0754 gp_xc_ccsaic: 21.6519 gp_xc_ccsbic: 21.6912 gen_recon_x_a: 0.1720 gen_recon_x_b: 0.1713 gen_recon_x_c: 0.1699 L1_ita: 0.2017 L1_itb: 0.2046 L1_itc: 0.2537 L1_prisa_xbrec: 0.0210 L1_prisa_xcrec: 0.0228 L1_prisb_xarec: 0.0202 L1_prisb_xcrec: 0.0222 L1_prisc_xarec: 0.0145 L1_prisc_xbrec: 0.0148 L1_rsa_xarec: 0.6333 L1_rsa_xcrec: 0.6326 L1_rsb_xcrec: 0.5466 L1_condia_xarec: 0.0925 L1_condia_xbrec: 0.0955 L1_condic_xcrec1: 0.1092 L1_condic_xcrec2: 0.1109 L1_ita_xarec: 0.1444 L1_itb_xbrec: 0.1432 L1_itc_xcrec1: 0.1746 L1_itc_xcrec2: 0.1752 secrecon_x_a: 0.1818 secrecon_x_b: 0.1801 secrecon_x_c1: 0.1735 secrecon_x_c2: 0.1722 Icp_xa_carsacondib: 0.0513 Icp_xa_casbita: 0.0423 Icp_xa_casccondia: 0.0444 Icp_xb_cbrsbcondia: 0.0757 Icp_xb_cbsaitb: 0.0426 Icp_xb_cbsccondib: 0.0545 Icp_xc_ccrsacondic: 0.0627 Icp_xc_ccrsbcondic: 0.0586 Icp_xc_ccsaic: 0.0327 Icp_xc_ccsbic: 0.0324 DS_xa: -2.0257 DS_xb: -1.6113 DS_xc_rsab: -0.2500 DS_xc_sab: -0.3955 G_xa_carsacondib: 0.0259 G_xa_casbita: 0.0110 G_xa_casccondia: 0.0109 G_xb_cbrsbcondia: 0.0198 G_xb_cbsaitb: 0.0035 G_xb_cbsccondib: 0.0031 G_xc_ccrsacondic: 0.0141 G_xc_ccrsbcondic: 0.0103 G_xc_ccsaic: -0.0057 G_xc_ccsbic: -0.0056 
(epoch: 1, iters: 2000, time: 0.185, data: 0.003) D_xa_carsacondib: 14.1624 D_xa_casbita: 13.7446 D_xa_casccondia: 13.7894 D_xb_cbrsbcondia: 14.0089 D_xb_cbsaitb: 13.6879 D_xb_cbsccondib: 13.7015 D_xc_ccrsacondic: 14.7528 D_xc_ccrsbcondic: 14.7277 D_xc_ccsaic: 14.5702 D_xc_ccsbic: 14.5031 gp_xa_carsacondib: 14.1681 gp_xa_casbita: 13.7449 gp_xa_casccondia: 13.7892 gp_xb_cbrsbcondia: 14.0096 gp_xb_cbsaitb: 13.6877 gp_xb_cbsccondib: 13.7013 gp_xc_ccrsacondic: 14.7607 gp_xc_ccrsbcondic: 14.7277 gp_xc_ccsaic: 14.5689 gp_xc_ccsbic: 14.5018 gen_recon_x_a: 0.1525 gen_recon_x_b: 0.1300 gen_recon_x_c: 0.1506 L1_ita: 0.1904 L1_itb: 0.1938 L1_itc: 0.2268 L1_prisa_xbrec: 0.0064 L1_prisa_xcrec: 0.0083 L1_prisb_xarec: 0.0066 L1_prisb_xcrec: 0.0073 L1_prisc_xarec: 0.0096 L1_prisc_xbrec: 0.0084 L1_rsa_xarec: 0.6031 L1_rsa_xcrec: 0.6046 L1_rsb_xcrec: 0.5830 L1_condia_xarec: 0.0721 L1_condia_xbrec: 0.0806 L1_condic_xcrec1: 0.0720 L1_condic_xcrec2: 0.0733 L1_ita_xarec: 0.1247 L1_itb_xbrec: 0.1230 L1_itc_xcrec1: 0.1280 L1_itc_xcrec2: 0.1281 secrecon_x_a: 0.1793 secrecon_x_b: 0.1519 secrecon_x_c1: 0.1767 secrecon_x_c2: 0.1740 Icp_xa_carsacondib: 0.0611 Icp_xa_casbita: 0.0351 Icp_xa_casccondia: 0.0356 Icp_xb_cbrsbcondia: 0.0567 Icp_xb_cbsaitb: 0.0360 Icp_xb_cbsccondib: 0.0325 Icp_xc_ccrsacondic: 0.0565 Icp_xc_ccrsbcondic: 0.0574 Icp_xc_ccsaic: 0.0697 Icp_xc_ccsbic: 0.0694 DS_xa: -1.1274 DS_xb: -0.8216 DS_xc_rsab: -0.2500 DS_xc_sab: -0.5554 G_xa_carsacondib: -0.0191 G_xa_casbita: -0.0250 G_xa_casccondia: -0.0255 G_xb_cbrsbcondia: -0.0070 G_xb_cbsaitb: -0.0087 G_xb_cbsccondib: -0.0090 G_xc_ccrsacondic: -0.0080 G_xc_ccrsbcondic: -0.0156 G_xc_ccsaic: -0.0176 G_xc_ccsbic: -0.0174 
(epoch: 1, iters: 2250, time: 0.186, data: 0.003) D_xa_carsacondib: 13.2478 D_xa_casbita: 12.5684 D_xa_casccondia: 12.4452 D_xb_cbrsbcondia: 13.0918 D_xb_cbsaitb: 12.5147 D_xb_cbsccondib: 12.5872 D_xc_ccrsacondic: 13.0941 D_xc_ccrsbcondic: 13.0865 D_xc_ccsaic: 12.8123 D_xc_ccsbic: 12.8323 gp_xa_carsacondib: 13.2525 gp_xa_casbita: 12.5625 gp_xa_casccondia: 12.4392 gp_xb_cbrsbcondia: 13.1086 gp_xb_cbsaitb: 12.5123 gp_xb_cbsccondib: 12.5833 gp_xc_ccrsacondic: 13.1067 gp_xc_ccrsbcondic: 13.1051 gp_xc_ccsaic: 12.8109 gp_xc_ccsbic: 12.8308 gen_recon_x_a: 0.2180 gen_recon_x_b: 0.2069 gen_recon_x_c: 0.1960 L1_ita: 0.1998 L1_itb: 0.2026 L1_itc: 0.1787 L1_prisa_xbrec: 0.0418 L1_prisa_xcrec: 0.0414 L1_prisb_xarec: 0.0313 L1_prisb_xcrec: 0.0338 L1_prisc_xarec: 0.0236 L1_prisc_xbrec: 0.0256 L1_rsa_xarec: 0.6397 L1_rsa_xcrec: 0.6302 L1_rsb_xcrec: 0.6532 L1_condia_xarec: 0.0645 L1_condia_xbrec: 0.0860 L1_condic_xcrec1: 0.0811 L1_condic_xcrec2: 0.0807 L1_ita_xarec: 0.1215 L1_itb_xbrec: 0.1241 L1_itc_xcrec1: 0.1050 L1_itc_xcrec2: 0.1035 secrecon_x_a: 0.2331 secrecon_x_b: 0.2171 secrecon_x_c1: 0.1940 secrecon_x_c2: 0.1910 Icp_xa_carsacondib: 0.0459 Icp_xa_casbita: 0.0360 Icp_xa_casccondia: 0.0308 Icp_xb_cbrsbcondia: 0.0430 Icp_xb_cbsaitb: 0.0385 Icp_xb_cbsccondib: 0.0360 Icp_xc_ccrsacondic: 0.0678 Icp_xc_ccrsbcondic: 0.0652 Icp_xc_ccsaic: 0.0427 Icp_xc_ccsbic: 0.0420 DS_xa: -0.6503 DS_xb: -0.6642 DS_xc_rsab: -0.2500 DS_xc_sab: -0.4353 G_xa_carsacondib: -0.0556 G_xa_casbita: -0.0674 G_xa_casccondia: -0.0677 G_xb_cbrsbcondia: -0.0555 G_xb_cbsaitb: -0.0731 G_xb_cbsccondib: -0.0750 G_xc_ccrsacondic: -0.0667 G_xc_ccrsbcondic: -0.0638 G_xc_ccsaic: -0.0821 G_xc_ccsbic: -0.0836 
(epoch: 1, iters: 2500, time: 0.185, data: 0.003) D_xa_carsacondib: 11.9617 D_xa_casbita: 11.8379 D_xa_casccondia: 11.8457 D_xb_cbrsbcondia: 11.4997 D_xb_cbsaitb: 11.5614 D_xb_cbsccondib: 11.5696 D_xc_ccrsacondic: 14.4871 D_xc_ccrsbcondic: 14.5794 D_xc_ccsaic: 14.2150 D_xc_ccsbic: 14.1814 gp_xa_carsacondib: 11.9635 gp_xa_casbita: 11.8378 gp_xa_casccondia: 11.8447 gp_xb_cbrsbcondia: 11.5063 gp_xb_cbsaitb: 11.5608 gp_xb_cbsccondib: 11.5686 gp_xc_ccrsacondic: 14.4922 gp_xc_ccrsbcondic: 14.5854 gp_xc_ccsaic: 14.2151 gp_xc_ccsbic: 14.1815 gen_recon_x_a: 0.1415 gen_recon_x_b: 0.1491 gen_recon_x_c: 0.1509 L1_ita: 0.1842 L1_itb: 0.1725 L1_itc: 0.1787 L1_prisa_xbrec: 0.0110 L1_prisa_xcrec: 0.0152 L1_prisb_xarec: 0.0135 L1_prisb_xcrec: 0.0163 L1_prisc_xarec: 0.0107 L1_prisc_xbrec: 0.0102 L1_rsa_xarec: 0.6609 L1_rsa_xcrec: 0.6550 L1_rsb_xcrec: 0.5744 L1_condia_xarec: 0.0609 L1_condia_xbrec: 0.0669 L1_condic_xcrec1: 0.0690 L1_condic_xcrec2: 0.0617 L1_ita_xarec: 0.0896 L1_itb_xbrec: 0.0900 L1_itc_xcrec1: 0.1104 L1_itc_xcrec2: 0.1105 secrecon_x_a: 0.1575 secrecon_x_b: 0.1669 secrecon_x_c1: 0.1579 secrecon_x_c2: 0.1602 Icp_xa_carsacondib: 0.0488 Icp_xa_casbita: 0.0372 Icp_xa_casccondia: 0.0359 Icp_xb_cbrsbcondia: 0.0485 Icp_xb_cbsaitb: 0.0318 Icp_xb_cbsccondib: 0.0364 Icp_xc_ccrsacondic: 0.0584 Icp_xc_ccrsbcondic: 0.0575 Icp_xc_ccsaic: 0.0486 Icp_xc_ccsbic: 0.0485 DS_xa: -1.5304 DS_xb: -1.8046 DS_xc_rsab: -0.2500 DS_xc_sab: -0.6526 G_xa_carsacondib: -0.0331 G_xa_casbita: -0.0354 G_xa_casccondia: -0.0363 G_xb_cbrsbcondia: -0.0308 G_xb_cbsaitb: -0.0391 G_xb_cbsccondib: -0.0395 G_xc_ccrsacondic: -0.0434 G_xc_ccrsbcondic: -0.0422 G_xc_ccsaic: -0.0489 G_xc_ccsbic: -0.0488 
(epoch: 1, iters: 2750, time: 0.185, data: 0.003) D_xa_carsacondib: 6.1666 D_xa_casbita: 6.1683 D_xa_casccondia: 6.1020 D_xb_cbrsbcondia: 6.5520 D_xb_cbsaitb: 6.2830 D_xb_cbsccondib: 6.3177 D_xc_ccrsacondic: 7.9213 D_xc_ccrsbcondic: 8.2062 D_xc_ccsaic: 7.9196 D_xc_ccsbic: 7.9214 gp_xa_carsacondib: 6.1774 gp_xa_casbita: 6.1690 gp_xa_casccondia: 6.1031 gp_xb_cbrsbcondia: 6.5526 gp_xb_cbsaitb: 6.2855 gp_xb_cbsccondib: 6.3204 gp_xc_ccrsacondic: 7.9318 gp_xc_ccrsbcondic: 8.2129 gp_xc_ccsaic: 7.9208 gp_xc_ccsbic: 7.9227 gen_recon_x_a: 0.1629 gen_recon_x_b: 0.1971 gen_recon_x_c: 0.1853 L1_ita: 0.1686 L1_itb: 0.1555 L1_itc: 0.1580 L1_prisa_xbrec: 0.0166 L1_prisa_xcrec: 0.0174 L1_prisb_xarec: 0.0177 L1_prisb_xcrec: 0.0185 L1_prisc_xarec: 0.0198 L1_prisc_xbrec: 0.0189 L1_rsa_xarec: 0.6445 L1_rsa_xcrec: 0.6415 L1_rsb_xcrec: 0.8107 L1_condia_xarec: 0.0347 L1_condia_xbrec: 0.0535 L1_condic_xcrec1: 0.0552 L1_condic_xcrec2: 0.0619 L1_ita_xarec: 0.1188 L1_itb_xbrec: 0.1188 L1_itc_xcrec1: 0.1086 L1_itc_xcrec2: 0.1086 secrecon_x_a: 0.1773 secrecon_x_b: 0.2140 secrecon_x_c1: 0.1999 secrecon_x_c2: 0.1977 Icp_xa_carsacondib: 0.0475 Icp_xa_casbita: 0.0426 Icp_xa_casccondia: 0.0327 Icp_xb_cbrsbcondia: 0.0433 Icp_xb_cbsaitb: 0.0328 Icp_xb_cbsccondib: 0.0238 Icp_xc_ccrsacondic: 0.0774 Icp_xc_ccrsbcondic: 0.0746 Icp_xc_ccsaic: 0.0757 Icp_xc_ccsbic: 0.0748 DS_xa: -0.9224 DS_xb: -1.7768 DS_xc_rsab: -0.2500 DS_xc_sab: -0.3239 G_xa_carsacondib: 0.0335 G_xa_casbita: 0.0224 G_xa_casccondia: 0.0228 G_xb_cbrsbcondia: -0.0105 G_xb_cbsaitb: -0.0086 G_xb_cbsccondib: -0.0083 G_xc_ccrsacondic: 0.0067 G_xc_ccrsbcondic: 0.0016 G_xc_ccsaic: -0.0039 G_xc_ccsbic: -0.0042 
(epoch: 1, iters: 3000, time: 0.187, data: 0.003) D_xa_carsacondib: 7.6374 D_xa_casbita: 7.6480 D_xa_casccondia: 7.5927 D_xb_cbrsbcondia: 8.1302 D_xb_cbsaitb: 7.7103 D_xb_cbsccondib: 7.7784 D_xc_ccrsacondic: 7.6706 D_xc_ccrsbcondic: 7.9475 D_xc_ccsaic: 7.4878 D_xc_ccsbic: 7.4975 gp_xa_carsacondib: 7.6540 gp_xa_casbita: 7.6459 gp_xa_casccondia: 7.5918 gp_xb_cbrsbcondia: 8.1439 gp_xb_cbsaitb: 7.7084 gp_xb_cbsccondib: 7.7777 gp_xc_ccrsacondic: 7.6870 gp_xc_ccrsbcondic: 7.9601 gp_xc_ccsaic: 7.4844 gp_xc_ccsbic: 7.4941 gen_recon_x_a: 0.1397 gen_recon_x_b: 0.1399 gen_recon_x_c: 0.1742 L1_ita: 0.1490 L1_itb: 0.1370 L1_itc: 0.1304 L1_prisa_xbrec: 0.0245 L1_prisa_xcrec: 0.0226 L1_prisb_xarec: 0.0219 L1_prisb_xcrec: 0.0204 L1_prisc_xarec: 0.0256 L1_prisc_xbrec: 0.0243 L1_rsa_xarec: 0.7423 L1_rsa_xcrec: 0.7464 L1_rsb_xcrec: 0.4675 L1_condia_xarec: 0.0420 L1_condia_xbrec: 0.0582 L1_condic_xcrec1: 0.0400 L1_condic_xcrec2: 0.0398 L1_ita_xarec: 0.0886 L1_itb_xbrec: 0.0855 L1_itc_xcrec1: 0.1014 L1_itc_xcrec2: 0.1013 secrecon_x_a: 0.1564 secrecon_x_b: 0.1547 secrecon_x_c1: 0.1956 secrecon_x_c2: 0.1994 Icp_xa_carsacondib: 0.0600 Icp_xa_casbita: 0.0382 Icp_xa_casccondia: 0.0373 Icp_xb_cbrsbcondia: 0.0617 Icp_xb_cbsaitb: 0.0436 Icp_xb_cbsccondib: 0.0491 Icp_xc_ccrsacondic: 0.0484 Icp_xc_ccrsbcondic: 0.0447 Icp_xc_ccsaic: 0.0373 Icp_xc_ccsbic: 0.0379 DS_xa: -0.9302 DS_xb: -0.9076 DS_xc_rsab: -0.2500 DS_xc_sab: -0.5916 G_xa_carsacondib: -0.0474 G_xa_casbita: -0.0661 G_xa_casccondia: -0.0647 G_xb_cbrsbcondia: -0.0495 G_xb_cbsaitb: -0.0677 G_xb_cbsccondib: -0.0662 G_xc_ccrsacondic: -0.0512 G_xc_ccrsbcondic: -0.0526 G_xc_ccsaic: -0.0709 G_xc_ccsbic: -0.0715 
(epoch: 1, iters: 3250, time: 0.189, data: 0.003) D_xa_carsacondib: 5.0599 D_xa_casbita: 5.1725 D_xa_casccondia: 5.1755 D_xb_cbrsbcondia: 5.7958 D_xb_cbsaitb: 5.8514 D_xb_cbsccondib: 5.8999 D_xc_ccrsacondic: 3.2782 D_xc_ccrsbcondic: 3.2402 D_xc_ccsaic: 3.3793 D_xc_ccsbic: 3.4140 gp_xa_carsacondib: 5.0698 gp_xa_casbita: 5.1715 gp_xa_casccondia: 5.1744 gp_xb_cbrsbcondia: 5.8093 gp_xb_cbsaitb: 5.8521 gp_xb_cbsccondib: 5.8995 gp_xc_ccrsacondic: 3.2869 gp_xc_ccrsbcondic: 3.2579 gp_xc_ccsaic: 3.3798 gp_xc_ccsbic: 3.4144 gen_recon_x_a: 0.1291 gen_recon_x_b: 0.1412 gen_recon_x_c: 0.1535 L1_ita: 0.1629 L1_itb: 0.1472 L1_itc: 0.1532 L1_prisa_xbrec: 0.0124 L1_prisa_xcrec: 0.0134 L1_prisb_xarec: 0.0114 L1_prisb_xcrec: 0.0117 L1_prisc_xarec: 0.0099 L1_prisc_xbrec: 0.0098 L1_rsa_xarec: 0.7216 L1_rsa_xcrec: 0.7181 L1_rsb_xcrec: 0.6643 L1_condia_xarec: 0.0372 L1_condia_xbrec: 0.0602 L1_condic_xcrec1: 0.0441 L1_condic_xcrec2: 0.0409 L1_ita_xarec: 0.0957 L1_itb_xbrec: 0.0958 L1_itc_xcrec1: 0.1008 L1_itc_xcrec2: 0.0993 secrecon_x_a: 0.1448 secrecon_x_b: 0.1593 secrecon_x_c1: 0.1746 secrecon_x_c2: 0.1708 Icp_xa_carsacondib: 0.0661 Icp_xa_casbita: 0.0414 Icp_xa_casccondia: 0.0376 Icp_xb_cbrsbcondia: 0.0681 Icp_xb_cbsaitb: 0.0416 Icp_xb_cbsccondib: 0.0384 Icp_xc_ccrsacondic: 0.0515 Icp_xc_ccrsbcondic: 0.0456 Icp_xc_ccsaic: 0.0596 Icp_xc_ccsbic: 0.0591 DS_xa: -1.6012 DS_xb: -0.9892 DS_xc_rsab: -0.2500 DS_xc_sab: -0.7781 G_xa_carsacondib: -0.0136 G_xa_casbita: -0.0265 G_xa_casccondia: -0.0267 G_xb_cbrsbcondia: -0.0292 G_xb_cbsaitb: -0.0436 G_xb_cbsccondib: -0.0450 G_xc_ccrsacondic: -0.0325 G_xc_ccrsbcondic: -0.0236 G_xc_ccsaic: -0.0427 G_xc_ccsbic: -0.0437 
(epoch: 1, iters: 3500, time: 0.185, data: 0.003) D_xa_carsacondib: 4.2148 D_xa_casbita: 4.1147 D_xa_casccondia: 4.0562 D_xb_cbrsbcondia: 4.2346 D_xb_cbsaitb: 3.9604 D_xb_cbsccondib: 3.9381 D_xc_ccrsacondic: 4.6211 D_xc_ccrsbcondic: 4.9153 D_xc_ccsaic: 4.6609 D_xc_ccsbic: 4.6758 gp_xa_carsacondib: 4.2209 gp_xa_casbita: 4.1132 gp_xa_casccondia: 4.0558 gp_xb_cbrsbcondia: 4.2453 gp_xb_cbsaitb: 3.9583 gp_xb_cbsccondib: 3.9374 gp_xc_ccrsacondic: 4.6238 gp_xc_ccrsbcondic: 4.9217 gp_xc_ccsaic: 4.6570 gp_xc_ccsbic: 4.6718 gen_recon_x_a: 0.1487 gen_recon_x_b: 0.1480 gen_recon_x_c: 0.1468 L1_ita: 0.1402 L1_itb: 0.1392 L1_itc: 0.1557 L1_prisa_xbrec: 0.0145 L1_prisa_xcrec: 0.0139 L1_prisb_xarec: 0.0153 L1_prisb_xcrec: 0.0147 L1_prisc_xarec: 0.0169 L1_prisc_xbrec: 0.0172 L1_rsa_xarec: 0.6453 L1_rsa_xcrec: 0.6469 L1_rsb_xcrec: 0.5627 L1_condia_xarec: 0.0448 L1_condia_xbrec: 0.0515 L1_condic_xcrec1: 0.0355 L1_condic_xcrec2: 0.0407 L1_ita_xarec: 0.0908 L1_itb_xbrec: 0.0896 L1_itc_xcrec1: 0.0958 L1_itc_xcrec2: 0.0960 secrecon_x_a: 0.1596 secrecon_x_b: 0.1681 secrecon_x_c1: 0.1649 secrecon_x_c2: 0.1688 Icp_xa_carsacondib: 0.0505 Icp_xa_casbita: 0.0315 Icp_xa_casccondia: 0.0290 Icp_xb_cbrsbcondia: 0.0452 Icp_xb_cbsaitb: 0.0341 Icp_xb_cbsccondib: 0.0318 Icp_xc_ccrsacondic: 0.0519 Icp_xc_ccrsbcondic: 0.0448 Icp_xc_ccsaic: 0.0296 Icp_xc_ccsbic: 0.0298 DS_xa: -1.5861 DS_xb: -1.7062 DS_xc_rsab: -0.2500 DS_xc_sab: -0.3064 G_xa_carsacondib: -0.0516 G_xa_casbita: -0.0602 G_xa_casccondia: -0.0591 G_xb_cbrsbcondia: -0.0493 G_xb_cbsaitb: -0.0617 G_xb_cbsccondib: -0.0605 G_xc_ccrsacondic: -0.0490 G_xc_ccrsbcondic: -0.0457 G_xc_ccsaic: -0.0558 G_xc_ccsbic: -0.0556 
(epoch: 1, iters: 3750, time: 0.184, data: 0.003) D_xa_carsacondib: 2.1629 D_xa_casbita: 1.7775 D_xa_casccondia: 1.7822 D_xb_cbrsbcondia: 2.0093 D_xb_cbsaitb: 1.6180 D_xb_cbsccondib: 1.6262 D_xc_ccrsacondic: 3.6017 D_xc_ccrsbcondic: 4.3647 D_xc_ccsaic: 3.2403 D_xc_ccsbic: 3.2362 gp_xa_carsacondib: 2.1658 gp_xa_casbita: 1.7770 gp_xa_casccondia: 1.7808 gp_xb_cbrsbcondia: 2.0202 gp_xb_cbsaitb: 1.6168 gp_xb_cbsccondib: 1.6246 gp_xc_ccrsacondic: 3.6016 gp_xc_ccrsbcondic: 4.3742 gp_xc_ccsaic: 3.2401 gp_xc_ccsbic: 3.2360 gen_recon_x_a: 0.1430 gen_recon_x_b: 0.1384 gen_recon_x_c: 0.1335 L1_ita: 0.1443 L1_itb: 0.1419 L1_itc: 0.1405 L1_prisa_xbrec: 0.0167 L1_prisa_xcrec: 0.0165 L1_prisb_xarec: 0.0166 L1_prisb_xcrec: 0.0170 L1_prisc_xarec: 0.0143 L1_prisc_xbrec: 0.0150 L1_rsa_xarec: 0.6600 L1_rsa_xcrec: 0.6605 L1_rsb_xcrec: 0.6143 L1_condia_xarec: 0.0462 L1_condia_xbrec: 0.0518 L1_condic_xcrec1: 0.0536 L1_condic_xcrec2: 0.0502 L1_ita_xarec: 0.0895 L1_itb_xbrec: 0.0876 L1_itc_xcrec1: 0.0699 L1_itc_xcrec2: 0.0699 secrecon_x_a: 0.1661 secrecon_x_b: 0.1611 secrecon_x_c1: 0.1533 secrecon_x_c2: 0.1509 Icp_xa_carsacondib: 0.0406 Icp_xa_casbita: 0.0419 Icp_xa_casccondia: 0.0388 Icp_xb_cbrsbcondia: 0.0404 Icp_xb_cbsaitb: 0.0417 Icp_xb_cbsccondib: 0.0418 Icp_xc_ccrsacondic: 0.0318 Icp_xc_ccrsbcondic: 0.0380 Icp_xc_ccsaic: 0.0335 Icp_xc_ccsbic: 0.0326 DS_xa: -1.3864 DS_xb: -0.9747 DS_xc_rsab: -0.2500 DS_xc_sab: -0.6149 G_xa_carsacondib: -0.0767 G_xa_casbita: -0.0842 G_xa_casccondia: -0.0846 G_xb_cbrsbcondia: -0.0606 G_xb_cbsaitb: -0.0760 G_xb_cbsccondib: -0.0757 G_xc_ccrsacondic: -0.0971 G_xc_ccrsbcondic: -0.0879 G_xc_ccsaic: -0.1002 G_xc_ccsbic: -0.1003 
(epoch: 1, iters: 4000, time: 0.184, data: 0.003) D_xa_carsacondib: 2.9580 D_xa_casbita: 2.8421 D_xa_casccondia: 2.8155 D_xb_cbrsbcondia: 2.6489 D_xb_cbsaitb: 2.6753 D_xb_cbsccondib: 2.7034 D_xc_ccrsacondic: 1.8910 D_xc_ccrsbcondic: 1.4905 D_xc_ccsaic: 1.5115 D_xc_ccsbic: 1.5316 gp_xa_carsacondib: 2.9610 gp_xa_casbita: 2.8425 gp_xa_casccondia: 2.8155 gp_xb_cbrsbcondia: 2.6571 gp_xb_cbsaitb: 2.6754 gp_xb_cbsccondib: 2.7042 gp_xc_ccrsacondic: 1.9019 gp_xc_ccrsbcondic: 1.4967 gp_xc_ccsaic: 1.5117 gp_xc_ccsbic: 1.5318 gen_recon_x_a: 0.1210 gen_recon_x_b: 0.1108 gen_recon_x_c: 0.0877 L1_ita: 0.1184 L1_itb: 0.1123 L1_itc: 0.1259 L1_prisa_xbrec: 0.0079 L1_prisa_xcrec: 0.0080 L1_prisb_xarec: 0.0082 L1_prisb_xcrec: 0.0083 L1_prisc_xarec: 0.0049 L1_prisc_xbrec: 0.0060 L1_rsa_xarec: 0.6842 L1_rsa_xcrec: 0.6827 L1_rsb_xcrec: 0.6221 L1_condia_xarec: 0.0343 L1_condia_xbrec: 0.0597 L1_condic_xcrec1: 0.0297 L1_condic_xcrec2: 0.0322 L1_ita_xarec: 0.0748 L1_itb_xbrec: 0.0753 L1_itc_xcrec1: 0.0752 L1_itc_xcrec2: 0.0753 secrecon_x_a: 0.1463 secrecon_x_b: 0.1304 secrecon_x_c1: 0.1032 secrecon_x_c2: 0.1040 Icp_xa_carsacondib: 0.0463 Icp_xa_casbita: 0.0296 Icp_xa_casccondia: 0.0261 Icp_xb_cbrsbcondia: 0.0341 Icp_xb_cbsaitb: 0.0249 Icp_xb_cbsccondib: 0.0237 Icp_xc_ccrsacondic: 0.0460 Icp_xc_ccrsbcondic: 0.0427 Icp_xc_ccsaic: 0.0326 Icp_xc_ccsbic: 0.0328 DS_xa: -1.1087 DS_xb: -1.0160 DS_xc_rsab: -0.2500 DS_xc_sab: -0.4120 G_xa_carsacondib: -0.0723 G_xa_casbita: -0.0754 G_xa_casccondia: -0.0758 G_xb_cbrsbcondia: -0.0574 G_xb_cbsaitb: -0.0658 G_xb_cbsccondib: -0.0650 G_xc_ccrsacondic: -0.0569 G_xc_ccrsbcondic: -0.0621 G_xc_ccsaic: -0.0684 G_xc_ccsbic: -0.0682 
(epoch: 1, iters: 4250, time: 0.185, data: 0.003) D_xa_carsacondib: 3.0247 D_xa_casbita: 2.8009 D_xa_casccondia: 2.8069 D_xb_cbrsbcondia: 2.9624 D_xb_cbsaitb: 2.8431 D_xb_cbsccondib: 2.8396 D_xc_ccrsacondic: 0.6927 D_xc_ccrsbcondic: 0.7939 D_xc_ccsaic: 0.7847 D_xc_ccsbic: 0.7876 gp_xa_carsacondib: 3.0312 gp_xa_casbita: 2.7999 gp_xa_casccondia: 2.8068 gp_xb_cbrsbcondia: 2.9746 gp_xb_cbsaitb: 2.8420 gp_xb_cbsccondib: 2.8393 gp_xc_ccrsacondic: 0.7027 gp_xc_ccrsbcondic: 0.8112 gp_xc_ccsaic: 0.7830 gp_xc_ccsbic: 0.7859 gen_recon_x_a: 0.1311 gen_recon_x_b: 0.1270 gen_recon_x_c: 0.1336 L1_ita: 0.1276 L1_itb: 0.1242 L1_itc: 0.1247 L1_prisa_xbrec: 0.0109 L1_prisa_xcrec: 0.0125 L1_prisb_xarec: 0.0128 L1_prisb_xcrec: 0.0130 L1_prisc_xarec: 0.0131 L1_prisc_xbrec: 0.0123 L1_rsa_xarec: 0.7294 L1_rsa_xcrec: 0.7321 L1_rsb_xcrec: 0.7172 L1_condia_xarec: 0.0525 L1_condia_xbrec: 0.0597 L1_condic_xcrec1: 0.0408 L1_condic_xcrec2: 0.0372 L1_ita_xarec: 0.0810 L1_itb_xbrec: 0.0817 L1_itc_xcrec1: 0.0790 L1_itc_xcrec2: 0.0794 secrecon_x_a: 0.1513 secrecon_x_b: 0.1445 secrecon_x_c1: 0.1507 secrecon_x_c2: 0.1492 Icp_xa_carsacondib: 0.0672 Icp_xa_casbita: 0.0555 Icp_xa_casccondia: 0.0391 Icp_xb_cbrsbcondia: 0.0645 Icp_xb_cbsaitb: 0.0493 Icp_xb_cbsccondib: 0.0432 Icp_xc_ccrsacondic: 0.0436 Icp_xc_ccrsbcondic: 0.0478 Icp_xc_ccsaic: 0.0365 Icp_xc_ccsbic: 0.0368 DS_xa: -0.9414 DS_xb: -1.0801 DS_xc_rsab: -0.2500 DS_xc_sab: -0.7041 G_xa_carsacondib: -0.0767 G_xa_casbita: -0.0837 G_xa_casccondia: -0.0831 G_xb_cbrsbcondia: -0.0620 G_xb_cbsaitb: -0.0739 G_xb_cbsccondib: -0.0734 G_xc_ccrsacondic: -0.0803 G_xc_ccrsbcondic: -0.0747 G_xc_ccsaic: -0.0920 G_xc_ccsbic: -0.0917 
(epoch: 1, iters: 4500, time: 0.203, data: 0.003) D_xa_carsacondib: 0.5255 D_xa_casbita: 0.5480 D_xa_casccondia: 0.5480 D_xb_cbrsbcondia: 0.4848 D_xb_cbsaitb: 0.5269 D_xb_cbsccondib: 0.5229 D_xc_ccrsacondic: 0.8251 D_xc_ccrsbcondic: 0.7623 D_xc_ccsaic: 0.8497 D_xc_ccsbic: 0.8334 gp_xa_carsacondib: 0.5477 gp_xa_casbita: 0.5499 gp_xa_casccondia: 0.5505 gp_xb_cbrsbcondia: 0.5100 gp_xb_cbsaitb: 0.5281 gp_xb_cbsccondib: 0.5251 gp_xc_ccrsacondic: 0.8493 gp_xc_ccrsbcondic: 0.7872 gp_xc_ccsaic: 0.8506 gp_xc_ccsbic: 0.8343 gen_recon_x_a: 0.1212 gen_recon_x_b: 0.1085 gen_recon_x_c: 0.1335 L1_ita: 0.1229 L1_itb: 0.1311 L1_itc: 0.1322 L1_prisa_xbrec: 0.0076 L1_prisa_xcrec: 0.0075 L1_prisb_xarec: 0.0063 L1_prisb_xcrec: 0.0076 L1_prisc_xarec: 0.0076 L1_prisc_xbrec: 0.0072 L1_rsa_xarec: 0.7173 L1_rsa_xcrec: 0.7167 L1_rsb_xcrec: 0.6866 L1_condia_xarec: 0.0311 L1_condia_xbrec: 0.0500 L1_condic_xcrec1: 0.0395 L1_condic_xcrec2: 0.0339 L1_ita_xarec: 0.0680 L1_itb_xbrec: 0.0673 L1_itc_xcrec1: 0.0893 L1_itc_xcrec2: 0.0895 secrecon_x_a: 0.1338 secrecon_x_b: 0.1177 secrecon_x_c1: 0.1562 secrecon_x_c2: 0.1543 Icp_xa_carsacondib: 0.0430 Icp_xa_casbita: 0.0355 Icp_xa_casccondia: 0.0296 Icp_xb_cbrsbcondia: 0.0349 Icp_xb_cbsaitb: 0.0277 Icp_xb_cbsccondib: 0.0215 Icp_xc_ccrsacondic: 0.0364 Icp_xc_ccrsbcondic: 0.0394 Icp_xc_ccsaic: 0.0300 Icp_xc_ccsbic: 0.0302 DS_xa: -0.9680 DS_xb: -1.1233 DS_xc_rsab: -0.2500 DS_xc_sab: -0.5309 G_xa_carsacondib: -0.1027 G_xa_casbita: -0.1258 G_xa_casccondia: -0.1250 G_xb_cbrsbcondia: -0.0918 G_xb_cbsaitb: -0.1204 G_xb_cbsccondib: -0.1193 G_xc_ccrsacondic: -0.0913 G_xc_ccrsbcondic: -0.0879 G_xc_ccsaic: -0.1165 G_xc_ccsbic: -0.1162 
(epoch: 1, iters: 4750, time: 0.185, data: 0.003) D_xa_carsacondib: 1.1521 D_xa_casbita: 1.2625 D_xa_casccondia: 1.2265 D_xb_cbrsbcondia: 1.1643 D_xb_cbsaitb: 1.2543 D_xb_cbsccondib: 1.2287 D_xc_ccrsacondic: 1.0058 D_xc_ccrsbcondic: 0.9792 D_xc_ccsaic: 1.0822 D_xc_ccsbic: 1.0568 gp_xa_carsacondib: 1.1751 gp_xa_casbita: 1.2622 gp_xa_casccondia: 1.2277 gp_xb_cbrsbcondia: 1.1805 gp_xb_cbsaitb: 1.2545 gp_xb_cbsccondib: 1.2293 gp_xc_ccrsacondic: 1.0258 gp_xc_ccrsbcondic: 0.9994 gp_xc_ccsaic: 1.0831 gp_xc_ccsbic: 1.0577 gen_recon_x_a: 0.1138 gen_recon_x_b: 0.1045 gen_recon_x_c: 0.1069 L1_ita: 0.1099 L1_itb: 0.1055 L1_itc: 0.0974 L1_prisa_xbrec: 0.0041 L1_prisa_xcrec: 0.0045 L1_prisb_xarec: 0.0044 L1_prisb_xcrec: 0.0040 L1_prisc_xarec: 0.0058 L1_prisc_xbrec: 0.0059 L1_rsa_xarec: 0.5750 L1_rsa_xcrec: 0.5755 L1_rsb_xcrec: 0.6762 L1_condia_xarec: 0.0298 L1_condia_xbrec: 0.0588 L1_condic_xcrec1: 0.0263 L1_condic_xcrec2: 0.0231 L1_ita_xarec: 0.0633 L1_itb_xbrec: 0.0643 L1_itc_xcrec1: 0.0695 L1_itc_xcrec2: 0.0694 secrecon_x_a: 0.1320 secrecon_x_b: 0.1222 secrecon_x_c1: 0.1220 secrecon_x_c2: 0.1212 Icp_xa_carsacondib: 0.0488 Icp_xa_casbita: 0.0499 Icp_xa_casccondia: 0.0435 Icp_xb_cbrsbcondia: 0.0458 Icp_xb_cbsaitb: 0.0436 Icp_xb_cbsccondib: 0.0344 Icp_xc_ccrsacondic: 0.0390 Icp_xc_ccrsbcondic: 0.0384 Icp_xc_ccsaic: 0.0435 Icp_xc_ccsbic: 0.0432 DS_xa: -1.0780 DS_xb: -1.0192 DS_xc_rsab: -0.2500 DS_xc_sab: -0.8537 G_xa_carsacondib: -0.1227 G_xa_casbita: -0.1541 G_xa_casccondia: -0.1514 G_xb_cbrsbcondia: -0.1239 G_xb_cbsaitb: -0.1459 G_xb_cbsccondib: -0.1444 G_xc_ccrsacondic: -0.1283 G_xc_ccrsbcondic: -0.1313 G_xc_ccsaic: -0.1562 G_xc_ccsbic: -0.1568 
(epoch: 1, iters: 5000, time: 0.185, data: 0.003) D_xa_carsacondib: 0.9067 D_xa_casbita: 0.9777 D_xa_casccondia: 0.9595 D_xb_cbrsbcondia: 0.7716 D_xb_cbsaitb: 0.8603 D_xb_cbsccondib: 0.8406 D_xc_ccrsacondic: 1.0866 D_xc_ccrsbcondic: 1.2039 D_xc_ccsaic: 1.0576 D_xc_ccsbic: 1.0651 gp_xa_carsacondib: 0.9327 gp_xa_casbita: 0.9777 gp_xa_casccondia: 0.9606 gp_xb_cbrsbcondia: 0.7891 gp_xb_cbsaitb: 0.8594 gp_xb_cbsccondib: 0.8386 gp_xc_ccrsacondic: 1.1002 gp_xc_ccrsbcondic: 1.2262 gp_xc_ccsaic: 1.0576 gp_xc_ccsbic: 1.0651 gen_recon_x_a: 0.1179 gen_recon_x_b: 0.1148 gen_recon_x_c: 0.1048 L1_ita: 0.1087 L1_itb: 0.1152 L1_itc: 0.1231 L1_prisa_xbrec: 0.0077 L1_prisa_xcrec: 0.0079 L1_prisb_xarec: 0.0066 L1_prisb_xcrec: 0.0077 L1_prisc_xarec: 0.0051 L1_prisc_xbrec: 0.0061 L1_rsa_xarec: 0.5440 L1_rsa_xcrec: 0.5445 L1_rsb_xcrec: 0.6649 L1_condia_xarec: 0.0245 L1_condia_xbrec: 0.0490 L1_condic_xcrec1: 0.0388 L1_condic_xcrec2: 0.0407 L1_ita_xarec: 0.0726 L1_itb_xbrec: 0.0709 L1_itc_xcrec1: 0.0680 L1_itc_xcrec2: 0.0680 secrecon_x_a: 0.1396 secrecon_x_b: 0.1355 secrecon_x_c1: 0.1210 secrecon_x_c2: 0.1208 Icp_xa_carsacondib: 0.0271 Icp_xa_casbita: 0.0188 Icp_xa_casccondia: 0.0149 Icp_xb_cbrsbcondia: 0.0259 Icp_xb_cbsaitb: 0.0275 Icp_xb_cbsccondib: 0.0230 Icp_xc_ccrsacondic: 0.0481 Icp_xc_ccrsbcondic: 0.0465 Icp_xc_ccsaic: 0.0353 Icp_xc_ccsbic: 0.0356 DS_xa: -1.0368 DS_xb: -0.7213 DS_xc_rsab: -0.2500 DS_xc_sab: -0.7321 G_xa_carsacondib: -0.1140 G_xa_casbita: -0.1405 G_xa_casccondia: -0.1395 G_xb_cbrsbcondia: -0.1179 G_xb_cbsaitb: -0.1372 G_xb_cbsccondib: -0.1382 G_xc_ccrsacondic: -0.1072 G_xc_ccrsbcondic: -0.0990 G_xc_ccsaic: -0.1218 G_xc_ccsbic: -0.1214 
(epoch: 1, iters: 5250, time: 0.187, data: 0.003) D_xa_carsacondib: 0.6944 D_xa_casbita: 0.6895 D_xa_casccondia: 0.6925 D_xb_cbrsbcondia: 0.8015 D_xb_cbsaitb: 0.8679 D_xb_cbsccondib: 0.9006 D_xc_ccrsacondic: 0.6345 D_xc_ccrsbcondic: 0.5275 D_xc_ccsaic: 0.6112 D_xc_ccsbic: 0.6273 gp_xa_carsacondib: 0.7342 gp_xa_casbita: 0.6909 gp_xa_casccondia: 0.6923 gp_xb_cbrsbcondia: 0.8288 gp_xb_cbsaitb: 0.8676 gp_xb_cbsccondib: 0.9002 gp_xc_ccrsacondic: 0.6640 gp_xc_ccrsbcondic: 0.5557 gp_xc_ccsaic: 0.6143 gp_xc_ccsbic: 0.6304 gen_recon_x_a: 0.1211 gen_recon_x_b: 0.1316 gen_recon_x_c: 0.1389 L1_ita: 0.1208 L1_itb: 0.1348 L1_itc: 0.0998 L1_prisa_xbrec: 0.0121 L1_prisa_xcrec: 0.0121 L1_prisb_xarec: 0.0151 L1_prisb_xcrec: 0.0163 L1_prisc_xarec: 0.0132 L1_prisc_xbrec: 0.0140 L1_rsa_xarec: 0.7230 L1_rsa_xcrec: 0.7244 L1_rsb_xcrec: 0.5986 L1_condia_xarec: 0.0283 L1_condia_xbrec: 0.0465 L1_condic_xcrec1: 0.0376 L1_condic_xcrec2: 0.0336 L1_ita_xarec: 0.0737 L1_itb_xbrec: 0.0721 L1_itc_xcrec1: 0.0607 L1_itc_xcrec2: 0.0605 secrecon_x_a: 0.1404 secrecon_x_b: 0.1509 secrecon_x_c1: 0.1602 secrecon_x_c2: 0.1608 Icp_xa_carsacondib: 0.0391 Icp_xa_casbita: 0.0311 Icp_xa_casccondia: 0.0278 Icp_xb_cbrsbcondia: 0.0389 Icp_xb_cbsaitb: 0.0315 Icp_xb_cbsccondib: 0.0228 Icp_xc_ccrsacondic: 0.0642 Icp_xc_ccrsbcondic: 0.0666 Icp_xc_ccsaic: 0.0485 Icp_xc_ccsbic: 0.0484 DS_xa: -1.3540 DS_xb: -1.3555 DS_xc_rsab: -0.2500 DS_xc_sab: -0.8980 G_xa_carsacondib: -0.0866 G_xa_casbita: -0.1318 G_xa_casccondia: -0.1306 G_xb_cbrsbcondia: -0.1173 G_xb_cbsaitb: -0.1441 G_xb_cbsccondib: -0.1429 G_xc_ccrsacondic: -0.1004 G_xc_ccrsbcondic: -0.1077 G_xc_ccsaic: -0.1321 G_xc_ccsbic: -0.1320 
(epoch: 1, iters: 5500, time: 0.185, data: 0.003) D_xa_carsacondib: 1.4456 D_xa_casbita: 1.5487 D_xa_casccondia: 1.5110 D_xb_cbrsbcondia: 1.4741 D_xb_cbsaitb: 1.5029 D_xb_cbsccondib: 1.4900 D_xc_ccrsacondic: 0.5038 D_xc_ccrsbcondic: 0.5592 D_xc_ccsaic: 0.5693 D_xc_ccsbic: 0.5794 gp_xa_carsacondib: 1.4698 gp_xa_casbita: 1.5478 gp_xa_casccondia: 1.5160 gp_xb_cbrsbcondia: 1.4842 gp_xb_cbsaitb: 1.5026 gp_xb_cbsccondib: 1.4956 gp_xc_ccrsacondic: 0.5217 gp_xc_ccrsbcondic: 0.5612 gp_xc_ccsaic: 0.5603 gp_xc_ccsbic: 0.5705 gen_recon_x_a: 0.1139 gen_recon_x_b: 0.1163 gen_recon_x_c: 0.1720 L1_ita: 0.1052 L1_itb: 0.0931 L1_itc: 0.1154 L1_prisa_xbrec: 0.0120 L1_prisa_xcrec: 0.0167 L1_prisb_xarec: 0.0113 L1_prisb_xcrec: 0.0159 L1_prisc_xarec: 0.0249 L1_prisc_xbrec: 0.0240 L1_rsa_xarec: 0.6955 L1_rsa_xcrec: 0.6935 L1_rsb_xcrec: 0.6685 L1_condia_xarec: 0.0321 L1_condia_xbrec: 0.0509 L1_condic_xcrec1: 0.0413 L1_condic_xcrec2: 0.0403 L1_ita_xarec: 0.0635 L1_itb_xbrec: 0.0664 L1_itc_xcrec1: 0.0934 L1_itc_xcrec2: 0.0933 secrecon_x_a: 0.1367 secrecon_x_b: 0.1347 secrecon_x_c1: 0.1864 secrecon_x_c2: 0.1868 Icp_xa_carsacondib: 0.0300 Icp_xa_casbita: 0.0332 Icp_xa_casccondia: 0.0279 Icp_xb_cbrsbcondia: 0.0314 Icp_xb_cbsaitb: 0.0319 Icp_xb_cbsccondib: 0.0276 Icp_xc_ccrsacondic: 0.0268 Icp_xc_ccrsbcondic: 0.0262 Icp_xc_ccsaic: 0.0199 Icp_xc_ccsbic: 0.0198 DS_xa: -1.4051 DS_xb: -2.2156 DS_xc_rsab: -0.2500 DS_xc_sab: -0.5900 G_xa_carsacondib: -0.1560 G_xa_casbita: -0.1837 G_xa_casccondia: -0.1771 G_xb_cbrsbcondia: -0.1743 G_xb_cbsaitb: -0.1856 G_xb_cbsccondib: -0.1791 G_xc_ccrsacondic: -0.1727 G_xc_ccrsbcondic: -0.1899 G_xc_ccsaic: -0.2018 G_xc_ccsbic: -0.2025 
