LSB Version:	:core-4.1-amd64:core-4.1-noarch
Distributor ID:	RedHatEnterprise
Description:	Red Hat Enterprise Linux release 8.8 (Ootpa)
Release:	8.8
Codename:	Ootpa
SLURM_JOBID 4924235 SLURM_JOBID
1.12.1
----------------- Options ---------------
                    batch: instance                      	[default: batch]
               batch_size: 16                            	[default: 1]
                    beta1: 0.5                           
          checkpoints_dir: checkpoints                   
            conditional_D: True                          
           continue_train: True                          
                crop_size: 256                           
                 dataroot: /gpfs/sharedfs1/manoslab/data/Qdata/GAN_CD/Downscaling/VIIRs_RAPID/Samples/RAPIDonly_PerW05_buf1575_R20	[default: None]
             dataset_mode: RAPIDFIM                      	[default: Land2S1]
                direction: AtoB                          
              display_env: main                          
             display_freq: 400                           
               display_id: 1                             
            display_ncols: 4                             
             display_port: 8097                          
           display_server: http://localhost              
          display_winsize: 256                           
                    epoch: latest                        
              epoch_count: 1                             
                 gan_mode: vanilla                       	[default: lsgan]
                  gpu_ids: 0                             
                init_gain: 0.02                          
                init_type: kaiming                       
                 input_nc: 2                             	[default: 6]
                  isTrain: True                          	[default: None]
               lambda_GAN: 1.0                           
              lambda_GAN2: 0.0                           	[default: 1.0]
                lambda_L1: 10.0                          
                lambda_kl: 0                             
                 lambda_z: 1                             
               latent_dim: 9                             
                load_iter: 0                             	[default: 0]
                load_size: 256                           
                  log_dir: log                           
                       lr: 0.0004                        	[default: 0.0002]
           lr_decay_iters: 50                            
                lr_policy: linear                        
              main_ex_dir: /gpfs/sharedfs1/manoslab/data/Qdata/GAN_OUTPUT
         max_dataset_size: inf                           
                    model: CycleED                       	[default: pix2pix_attn]
               n_layers_D: 3                             
                     name: VR_Ronly_condi_sameD_CVAE_noWOP_twoDEM__RAPIDFIM_CycleED_resnet_9blocks_vanilla_Norminstance_batchsize16	[default: experiment_name]
                      ndf: 64                            	[default: 64]
                      nef: 64                            
                     netD: basic_256_multi               
                     netE: basic_256                     
                     netG: resnet_9blocks                
                      ngf: 64                            	[default: 64]
                    niter: 100                           
              niter_decay: 200                           	[default: 100]
                       nl: relu                          
               no_dropout: False                         
                no_encode: False                         
                  no_flip: False                         
                  no_html: False                         
                     norm: instance                      
                   num_Ds: 2                             
                num_class: 1                             
              num_threads: 8                             
                       nz: 128                           
                output_nc: 1                             
                    phase: train                         
                pool_size: 50                            
             predict_freq: 20000                         
               preprocess: resize_and_crop               
               print_freq: 50                            
              results_dir: results                       
             save_by_iter: False                         
          save_epoch_freq: 1                             	[default: 5]
         save_latest_freq: -1                            
           serial_batches: False                         
              split_ratio: 0.02                          
            split_shuffle: False                         
                   suffix: _{dataset_mode}_{model}_{netG}_{gan_mode}_Norm{batch}_batchsize{batch_size}
         update_html_freq: 1000                          
                 upsample: basic                         
              use_dropout: False                         
               use_same_D: True                          
             valid_batchs: 10                            
              valid_nrows: 10                            
                  verbose: False                         
                where_add: all                           
----------------- End -------------------
Train dataset [RAPIDFIMDataset] was created
Vali dataset [Subset] was created
The number of training images = 47675
The number of validating images = 973
Use GPU!
NVIDIA A100-PCIE-40GB
initialize network with kaiming
initialize network with kaiming
initialize network with kaiming
initialize network with kaiming
model [CycleEDModel] was created
---------- Networks initialized -------------
[Network E] Total number of parameters : 2.618 M
[Network Decoder] Total number of parameters : 3.807 M
[Network E_f] Total number of parameters : 2.617 M
[Network D] Total number of parameters : 2.765 M
-----------------------------------------------
create web directory /gpfs/sharedfs1/manoslab/data/Qdata/GAN_OUTPUT/VR_Ronly_condi_sameD_CVAE_noWOP_twoDEM__RAPIDFIM_CycleED_resnet_9blocks_vanilla_Norminstance_batchsize16/checkpoints/VR_Ronly_condi_sameD_CVAE_noWOP_twoDEM__RAPIDFIM_CycleED_resnet_9blocks_vanilla_Norminstance_batchsize16/web...
(epoch: 1, iters: 800, time: 0.006, data: 0.004) G_GAN: 53.2659 D: 0.8921 G_L1: 5.5352 z_L1: 0.6365 
(epoch: 1, iters: 1600, time: 0.006, data: 0.004) G_GAN: 63.5958 D: 0.4367 G_L1: 2.6883 z_L1: 0.5380 
(epoch: 1, iters: 2400, time: 0.006, data: 0.003) G_GAN: 77.4426 D: 0.1681 G_L1: 3.2437 z_L1: 0.4842 
(epoch: 1, iters: 3200, time: 0.006, data: 0.004) G_GAN: 85.6247 D: 0.1027 G_L1: 7.3579 z_L1: 0.3613 
(epoch: 1, iters: 4000, time: 0.006, data: 0.004) G_GAN: 92.7452 D: 0.0665 G_L1: 10.8280 z_L1: 0.3963 
(epoch: 1, iters: 4800, time: 0.006, data: 0.004) G_GAN: 93.2106 D: 0.0632 G_L1: 11.9268 z_L1: 0.3349 
(epoch: 1, iters: 5600, time: 0.006, data: 0.005) G_GAN: 100.7702 D: 0.0559 G_L1: 13.3729 z_L1: 0.2312 
(epoch: 1, iters: 6400, time: 0.006, data: 0.003) G_GAN: 106.5292 D: 0.0346 G_L1: 16.0075 z_L1: 0.2675 
(epoch: 1, iters: 7200, time: 0.006, data: 0.003) G_GAN: 112.6553 D: 0.0213 G_L1: 15.6150 z_L1: 0.5537 
(epoch: 1, iters: 8000, time: 0.006, data: 0.003) G_GAN: 115.2935 D: 0.0257 G_L1: 20.2679 z_L1: 0.3164 
(epoch: 1, iters: 8800, time: 0.006, data: 0.003) G_GAN: 121.5707 D: 0.0139 G_L1: 18.5139 z_L1: 0.2938 
(epoch: 1, iters: 9600, time: 0.006, data: 0.003) G_GAN: 126.4971 D: 0.0137 G_L1: 21.5418 z_L1: 0.2780 
(epoch: 1, iters: 10400, time: 0.006, data: 0.004) G_GAN: 93.2224 D: 0.1065 G_L1: 4.7782 z_L1: 0.2476 
(epoch: 1, iters: 11200, time: 0.006, data: 0.004) G_GAN: 121.5201 D: 0.1057 G_L1: 13.7270 z_L1: 0.4013 
(epoch: 1, iters: 12000, time: 0.006, data: 0.003) G_GAN: 117.0573 D: 0.2565 G_L1: 20.7289 z_L1: 3.9506 
(epoch: 1, iters: 12800, time: 0.006, data: 0.003) G_GAN: 134.5995 D: 0.0410 G_L1: 11.6000 z_L1: 0.4517 
(epoch: 1, iters: 13600, time: 0.006, data: 0.003) G_GAN: 103.6180 D: 0.0757 G_L1: 12.4879 z_L1: 0.2917 
(epoch: 1, iters: 14400, time: 0.006, data: 0.004) G_GAN: 106.2589 D: 0.0431 G_L1: 16.5315 z_L1: 0.2182 
(epoch: 1, iters: 15200, time: 0.006, data: 0.004) G_GAN: 112.4146 D: 0.0320 G_L1: 17.4484 z_L1: 0.1803 
(epoch: 1, iters: 16000, time: 0.006, data: 0.003) G_GAN: 114.8689 D: 0.0271 G_L1: 20.6240 z_L1: 0.1616 
(epoch: 1, iters: 16800, time: 0.006, data: 0.004) G_GAN: 121.8293 D: 0.0173 G_L1: 24.1151 z_L1: 0.1838 
(epoch: 1, iters: 17600, time: 0.006, data: 0.003) G_GAN: 115.4072 D: 0.0198 G_L1: 22.4471 z_L1: 0.1592 
(epoch: 1, iters: 18400, time: 0.006, data: 0.003) G_GAN: 116.0033 D: 0.0303 G_L1: 19.7863 z_L1: 0.1443 
(epoch: 1, iters: 19200, time: 0.006, data: 0.004) G_GAN: 127.5486 D: 0.0132 G_L1: 23.5135 z_L1: 0.1453 
(epoch: 1, iters: 20000, time: 0.006, data: 0.004) G_GAN: 123.4274 D: 0.0260 G_L1: 20.1608 z_L1: 0.1335 
Traceback (most recent call last):
  File "/shared/stormcenter/Qing_Y/GAN_ChangeDetection/ASGIT/train_novisdom.py", line 108, in <module>
    model.test()           # run inference
  File "/shared/stormcenter/Qing_Y/GAN_ChangeDetection/ASGIT/models/base_model.py", line 163, in test
    self.sample()
  File "/shared/stormcenter/Qing_Y/GAN_ChangeDetection/ASGIT/models/CycleED_model.py", line 103, in sample
    z_random = self.get_z_random(self.real_A.size(0), self.opt.nz)
AttributeError: 'CycleEDModel' object has no attribute 'get_z_random'
