LSB Version:	:core-4.1-amd64:core-4.1-noarch
Distributor ID:	RedHatEnterprise
Description:	Red Hat Enterprise Linux release 8.7 (Ootpa)
Release:	8.7
Codename:	Ootpa
SLURM_JOBID 119087 SLURM_JOBID
----------------- Options ---------------
                     CtoE: False                         
                      DEM: True                          
                    activ: lrelu                         
                    batch: AdaIn                         	[default: batch]
               batch_size: 10                            	[default: 1]
                    beta1: 0.5                           
          checkpoints_dir: checkpoints                   
           continue_train: True                          
                crop_size: 256                           
                 dataroot: /gpfs/sharedfs1/manoslab/data/Qdata/GAN_CD/Sample_Preare/Huston/U10T24_S1S1S2_LCCDEM_O30_R200_128_QF	[default: None]
             dataset_mode: S1S2IALCCDEM                  	[default: Land2S1]
                direction: AtoB                          
              display_env: main                          
             display_freq: 400                           
               display_id: 1                             
            display_ncols: 4                             
             display_port: 8097                          
           display_server: http://localhost              
          display_winsize: 256                           
                    epoch: latest                        
              epoch_count: 1                             
                 gan_mode: wgangp                        	[default: lsgan]
                    gan_w: 1                             
                  gpu_ids: 0                             
                init_gain: 0.02                          
                init_type: kaiming                       
                 input_nc: 4                             	[default: 6]
                  isTrain: True                          	[default: None]
               latent_dim: 9                             
                load_iter: 0                             	[default: 0]
                load_size: 256                           
                  log_dir: log                           
                       lr: 0.0004                        	[default: 0.0002]
           lr_decay_iters: 50                            
                lr_policy: linear                        
              main_ex_dir: /gpfs/sharedfs1/manoslab/data/Qdata/GAN_OUTPUT
         max_dataset_size: inf                           
                  mlp_dim: 256                           
                    model: MUNITFTSG                     	[default: pix2pix_attn]
             n_downsample: 2                             
               n_layers_D: 3                             
                    n_res: 4                             
                     name: MUNITFTSG_S1S2IALCCDEM_U10_TD_condi__S1S2IALCCDEM_MUNITFTSG_AdaINGen_3E_wgangp_NormAdaIn_batchsize10	[default: experiment_name]
                      ndf: 64                            
                     netD: MsImageDis                    
                     netG: AdaINGen_3E                   
                      ngf: 64                            
                    niter: 50                            	[default: 100]
              niter_decay: 300                           	[default: 100]
               no_dropout: True                          
                  no_flip: False                         
                  no_html: False                         
                     norm: AdaIn                         
                num_class: 1                             
              num_threads: 8                             
                output_nc: 2                             	[default: 1]
                 pad_type: reflect                       
                    phase: train                         
                pool_size: 50                            
             predict_freq: 20000                         
               preprocess: resize_and_crop               
               print_freq: 50                            
                recon_c_w: 1                             
                recon_s_w: 1                             
            recon_x_cyc_w: 10                            
                recon_x_w: 10                            
              results_dir: results                       
             save_by_iter: False                         
          save_epoch_freq: 1                             	[default: 5]
         save_latest_freq: 500000000000                  
           serial_batches: False                         
              split_ratio: 0.02                          
            split_shuffle: False                         
                style_dim: 8                             
                   suffix: _{dataset_mode}_{model}_{netG}_{gan_mode}_Norm{batch}_batchsize{batch_size}
         update_html_freq: 1000                          
               use_same_D: False                         
               use_same_G: True                          
             valid_batchs: 20                            
              valid_nrows: 5                             
                  verbose: False                         
                    vgg_w: 0                             
----------------- End -------------------
Train dataset [S1S2IALCCDEMDataset] was created
Vali dataset [Subset] was created
The number of training images = 75928
The number of validating images = 1550
Use GPU!
NVIDIA A100-PCIE-40GB
initialize network with kaiming
initialize network with kaiming
initialize network with kaiming
model [MUNITFTSGModel] was created
loading the model from /gpfs/sharedfs1/manoslab/data/Qdata/GAN_OUTPUT/MUNITFTSG_S1S2IALCCDEM_U10_TD_condi__S1S2IALCCDEM_MUNITFTSG_AdaINGen_3E_wgangp_NormAdaIn_batchsize10/checkpoints/58370_net_G_A.pth
loading the model from /gpfs/sharedfs1/manoslab/data/Qdata/GAN_OUTPUT/MUNITFTSG_S1S2IALCCDEM_U10_TD_condi__S1S2IALCCDEM_MUNITFTSG_AdaINGen_3E_wgangp_NormAdaIn_batchsize10/checkpoints/58370_net_D_A.pth
loading the model from /gpfs/sharedfs1/manoslab/data/Qdata/GAN_OUTPUT/MUNITFTSG_S1S2IALCCDEM_U10_TD_condi__S1S2IALCCDEM_MUNITFTSG_AdaINGen_3E_wgangp_NormAdaIn_batchsize10/checkpoints/58370_net_D_B.pth
---------- Networks initialized -------------
[Network G_A] Total number of parameters : 49.464 M
[Network D_A] Total number of parameters : 1.980 M
[Network D_B] Total number of parameters : 1.980 M
-----------------------------------------------
create web directory /gpfs/sharedfs1/manoslab/data/Qdata/GAN_OUTPUT/MUNITFTSG_S1S2IALCCDEM_U10_TD_condi__S1S2IALCCDEM_MUNITFTSG_AdaINGen_3E_wgangp_NormAdaIn_batchsize10/checkpoints/MUNITFTSG_S1S2IALCCDEM_U10_TD_condi__S1S2IALCCDEM_MUNITFTSG_AdaINGen_3E_wgangp_NormAdaIn_batchsize10/web...
(epoch: 1, iters: 130, time: 0.081, data: 0.003) DA_xa_cascita: 0.2903 DA_xa_casaita: 0.2828 DA_xa_carasitc: 0.2346 DB_xc_cbscita: 0.2430 DB_xc_cbscaitc: 0.2327 DB_xc_cbrscitc: 0.2775 gpA_xa_cascita: 0.2894 gpA_xa_casaita: 0.2808 gpA_xa_carasitc: 0.2389 gpB_xc_cascita: 0.2401 gpB_xc_cbscaitc: 0.2289 gpB_xc_cbrscitc: 0.2834 L1_xa: 0.0839 L1_xc: 0.0874 L1_itc: 0.0962 L1_prisa_xarec: 0.0022 L1_prisa_xcrec: 0.0038 L1_rsa_xarec: 0.1199 L1_prisc_xarec: 0.0025 L1_prisc_xcrec: 0.0032 L1_rsc_xcrec: 0.1232 L1_condixa_rec: 0.0097 L1_ita_xarec: 0.0231 L1_ita_xcrec: 0.0233 L1_condixc_rec: 0.0152 L1_itc_xarec: 0.0395 L1_itc_xcrec: 0.0356 L1_ca_recxa1: 0.0218 L1_ca_recxa2: 0.0234 L1_ca_recxa3: 0.0227 L1_cb_recxa1: 0.0210 L1_cb_recxa2: 0.0218 L1_cb_recxa3: 0.0225 secrecon_x_a: 0.0863 G_xa_cascita: -0.0117 G_xa_casaita: -0.0127 G_xa_carasitc: -0.0059 G_xc_cbscita: -0.0077 G_xc_cbscaitc: -0.0085 G_xc_cbrscitc: 0.0011 
(epoch: 1, iters: 630, time: 0.082, data: 0.004) DA_xa_cascita: 0.0069 DA_xa_casaita: 0.0078 DA_xa_carasitc: 0.0036 DB_xc_cbscita: 0.0229 DB_xc_cbscaitc: 0.0183 DB_xc_cbrscitc: 0.0227 gpA_xa_cascita: 0.0073 gpA_xa_casaita: 0.0080 gpA_xa_carasitc: 0.0100 gpB_xc_cascita: 0.0230 gpB_xc_cbscaitc: 0.0215 gpB_xc_cbrscitc: 0.0339 L1_xa: 0.0959 L1_xc: 0.0895 L1_itc: 0.0763 L1_prisa_xarec: 0.0062 L1_prisa_xcrec: 0.0053 L1_rsa_xarec: 0.1465 L1_prisc_xarec: 0.0042 L1_prisc_xcrec: 0.0044 L1_rsc_xcrec: 0.1680 L1_condixa_rec: 0.0079 L1_ita_xarec: 0.0245 L1_ita_xcrec: 0.0222 L1_condixc_rec: 0.0163 L1_itc_xarec: 0.0280 L1_itc_xcrec: 0.0264 L1_ca_recxa1: 0.0153 L1_ca_recxa2: 0.0164 L1_ca_recxa3: 0.0189 L1_cb_recxa1: 0.0199 L1_cb_recxa2: 0.0212 L1_cb_recxa3: 0.0228 secrecon_x_a: 0.0989 G_xa_cascita: -0.0603 G_xa_casaita: -0.0604 G_xa_carasitc: -0.0540 G_xc_cbscita: -0.0703 G_xc_cbscaitc: -0.0674 G_xc_cbrscitc: -0.0588 
(epoch: 1, iters: 1130, time: 0.084, data: 0.004) DA_xa_cascita: 0.0199 DA_xa_casaita: 0.0200 DA_xa_carasitc: 0.0122 DB_xc_cbscita: 0.0215 DB_xc_cbscaitc: 0.0207 DB_xc_cbrscitc: 0.0134 gpA_xa_cascita: 0.0187 gpA_xa_casaita: 0.0195 gpA_xa_carasitc: 0.0211 gpB_xc_cascita: 0.0213 gpB_xc_cbscaitc: 0.0201 gpB_xc_cbrscitc: 0.0256 L1_xa: 0.1017 L1_xc: 0.1036 L1_itc: 0.0900 L1_prisa_xarec: 0.0072 L1_prisa_xcrec: 0.0060 L1_rsa_xarec: 0.1254 L1_prisc_xarec: 0.0050 L1_prisc_xcrec: 0.0045 L1_rsc_xcrec: 0.1417 L1_condixa_rec: 0.0090 L1_ita_xarec: 0.0284 L1_ita_xcrec: 0.0272 L1_condixc_rec: 0.0142 L1_itc_xarec: 0.0294 L1_itc_xcrec: 0.0274 L1_ca_recxa1: 0.0125 L1_ca_recxa2: 0.0150 L1_ca_recxa3: 0.0198 L1_cb_recxa1: 0.0202 L1_cb_recxa2: 0.0216 L1_cb_recxa3: 0.0242 secrecon_x_a: 0.1035 G_xa_cascita: -0.1339 G_xa_casaita: -0.1331 G_xa_carasitc: -0.1239 G_xc_cbscita: -0.1276 G_xc_cbscaitc: -0.1281 G_xc_cbrscitc: -0.1152 
(epoch: 1, iters: 1630, time: 0.083, data: 0.005) DA_xa_cascita: 0.0379 DA_xa_casaita: 0.0362 DA_xa_carasitc: 0.0269 DB_xc_cbscita: 0.0226 DB_xc_cbscaitc: 0.0266 DB_xc_cbrscitc: 0.0118 gpA_xa_cascita: 0.0389 gpA_xa_casaita: 0.0379 gpA_xa_carasitc: 0.0427 gpB_xc_cascita: 0.0230 gpB_xc_cbscaitc: 0.0280 gpB_xc_cbrscitc: 0.0304 L1_xa: 0.0931 L1_xc: 0.0958 L1_itc: 0.0833 L1_prisa_xarec: 0.0046 L1_prisa_xcrec: 0.0057 L1_rsa_xarec: 0.1298 L1_prisc_xarec: 0.0046 L1_prisc_xcrec: 0.0053 L1_rsc_xcrec: 0.1307 L1_condixa_rec: 0.0074 L1_ita_xarec: 0.0220 L1_ita_xcrec: 0.0222 L1_condixc_rec: 0.0095 L1_itc_xarec: 0.0280 L1_itc_xcrec: 0.0280 L1_ca_recxa1: 0.0120 L1_ca_recxa2: 0.0117 L1_ca_recxa3: 0.0193 L1_cb_recxa1: 0.0173 L1_cb_recxa2: 0.0183 L1_cb_recxa3: 0.0212 secrecon_x_a: 0.0942 G_xa_cascita: -0.1981 G_xa_casaita: -0.1973 G_xa_carasitc: -0.1829 G_xc_cbscita: -0.2014 G_xc_cbscaitc: -0.2003 G_xc_cbrscitc: -0.1822 
(epoch: 1, iters: 2130, time: 0.082, data: 0.004) DA_xa_cascita: 0.0269 DA_xa_casaita: 0.0280 DA_xa_carasitc: 0.0138 DB_xc_cbscita: 0.0086 DB_xc_cbscaitc: 0.0073 DB_xc_cbrscitc: -0.0004 gpA_xa_cascita: 0.0280 gpA_xa_casaita: 0.0277 gpA_xa_carasitc: 0.0319 gpB_xc_cascita: 0.0099 gpB_xc_cbscaitc: 0.0095 gpB_xc_cbrscitc: 0.0172 L1_xa: 0.0831 L1_xc: 0.0876 L1_itc: 0.0819 L1_prisa_xarec: 0.0037 L1_prisa_xcrec: 0.0032 L1_rsa_xarec: 0.1211 L1_prisc_xarec: 0.0025 L1_prisc_xcrec: 0.0027 L1_rsc_xcrec: 0.1653 L1_condixa_rec: 0.0076 L1_ita_xarec: 0.0223 L1_ita_xcrec: 0.0219 L1_condixc_rec: 0.0108 L1_itc_xarec: 0.0259 L1_itc_xcrec: 0.0250 L1_ca_recxa1: 0.0130 L1_ca_recxa2: 0.0121 L1_ca_recxa3: 0.0162 L1_cb_recxa1: 0.0177 L1_cb_recxa2: 0.0192 L1_cb_recxa3: 0.0211 secrecon_x_a: 0.0878 G_xa_cascita: -0.2566 G_xa_casaita: -0.2581 G_xa_carasitc: -0.2390 G_xc_cbscita: -0.2537 G_xc_cbscaitc: -0.2529 G_xc_cbrscitc: -0.2371 
(epoch: 1, iters: 2630, time: 0.083, data: 0.004) DA_xa_cascita: 0.0647 DA_xa_casaita: 0.0601 DA_xa_carasitc: 0.1093 DB_xc_cbscita: 0.0194 DB_xc_cbscaitc: 0.0234 DB_xc_cbrscitc: 0.0200 gpA_xa_cascita: 0.0652 gpA_xa_casaita: 0.0598 gpA_xa_carasitc: 0.1233 gpB_xc_cascita: 0.0200 gpB_xc_cbscaitc: 0.0253 gpB_xc_cbrscitc: 0.0426 L1_xa: 0.0795 L1_xc: 0.0858 L1_itc: 0.0686 L1_prisa_xarec: 0.0033 L1_prisa_xcrec: 0.0040 L1_rsa_xarec: 0.1212 L1_prisc_xarec: 0.0023 L1_prisc_xcrec: 0.0023 L1_rsc_xcrec: 0.1498 L1_condixa_rec: 0.0063 L1_ita_xarec: 0.0259 L1_ita_xcrec: 0.0240 L1_condixc_rec: 0.0095 L1_itc_xarec: 0.0286 L1_itc_xcrec: 0.0301 L1_ca_recxa1: 0.0155 L1_ca_recxa2: 0.0137 L1_ca_recxa3: 0.0215 L1_cb_recxa1: 0.0149 L1_cb_recxa2: 0.0165 L1_cb_recxa3: 0.0204 secrecon_x_a: 0.0830 G_xa_cascita: -0.2547 G_xa_casaita: -0.2557 G_xa_carasitc: -0.2415 G_xc_cbscita: -0.2482 G_xc_cbscaitc: -0.2469 G_xc_cbrscitc: -0.2254 
(epoch: 1, iters: 3130, time: 0.082, data: 0.004) DA_xa_cascita: 0.0112 DA_xa_casaita: 0.0159 DA_xa_carasitc: -0.0029 DB_xc_cbscita: 0.0090 DB_xc_cbscaitc: 0.0086 DB_xc_cbrscitc: 0.0083 gpA_xa_cascita: 0.0138 gpA_xa_casaita: 0.0159 gpA_xa_carasitc: 0.0199 gpB_xc_cascita: 0.0094 gpB_xc_cbscaitc: 0.0119 gpB_xc_cbrscitc: 0.0312 L1_xa: 0.1111 L1_xc: 0.0889 L1_itc: 0.0810 L1_prisa_xarec: 0.0053 L1_prisa_xcrec: 0.0062 L1_rsa_xarec: 0.1290 L1_prisc_xarec: 0.0030 L1_prisc_xcrec: 0.0038 L1_rsc_xcrec: 0.1314 L1_condixa_rec: 0.0072 L1_ita_xarec: 0.0240 L1_ita_xcrec: 0.0226 L1_condixc_rec: 0.0101 L1_itc_xarec: 0.0274 L1_itc_xcrec: 0.0308 L1_ca_recxa1: 0.0125 L1_ca_recxa2: 0.0113 L1_ca_recxa3: 0.0166 L1_cb_recxa1: 0.0140 L1_cb_recxa2: 0.0150 L1_cb_recxa3: 0.0174 secrecon_x_a: 0.1127 G_xa_cascita: -0.2817 G_xa_casaita: -0.2846 G_xa_carasitc: -0.2606 G_xc_cbscita: -0.2856 G_xc_cbscaitc: -0.2825 G_xc_cbrscitc: -0.2617 
(epoch: 1, iters: 3630, time: 0.083, data: 0.004) DA_xa_cascita: 0.0098 DA_xa_casaita: 0.0124 DA_xa_carasitc: -0.0036 DB_xc_cbscita: 0.0026 DB_xc_cbscaitc: 0.0027 DB_xc_cbrscitc: -0.0167 gpA_xa_cascita: 0.0089 gpA_xa_casaita: 0.0103 gpA_xa_carasitc: 0.0148 gpB_xc_cascita: 0.0036 gpB_xc_cbscaitc: 0.0037 gpB_xc_cbrscitc: 0.0059 L1_xa: 0.1081 L1_xc: 0.1053 L1_itc: 0.0734 L1_prisa_xarec: 0.0075 L1_prisa_xcrec: 0.0073 L1_rsa_xarec: 0.1301 L1_prisc_xarec: 0.0076 L1_prisc_xcrec: 0.0077 L1_rsc_xcrec: 0.1531 L1_condixa_rec: 0.0059 L1_ita_xarec: 0.0212 L1_ita_xcrec: 0.0219 L1_condixc_rec: 0.0118 L1_itc_xarec: 0.0289 L1_itc_xcrec: 0.0284 L1_ca_recxa1: 0.0148 L1_ca_recxa2: 0.0171 L1_ca_recxa3: 0.0205 L1_cb_recxa1: 0.0177 L1_cb_recxa2: 0.0183 L1_cb_recxa3: 0.0202 secrecon_x_a: 0.1102 G_xa_cascita: -0.2951 G_xa_casaita: -0.2960 G_xa_carasitc: -0.2763 G_xc_cbscita: -0.2989 G_xc_cbscaitc: -0.2988 G_xc_cbrscitc: -0.2778 
(epoch: 1, iters: 4130, time: 0.083, data: 0.004) DA_xa_cascita: 0.0028 DA_xa_casaita: 0.0025 DA_xa_carasitc: -0.0123 DB_xc_cbscita: 0.0012 DB_xc_cbscaitc: -0.0002 DB_xc_cbrscitc: -0.0138 gpA_xa_cascita: 0.0041 gpA_xa_casaita: 0.0036 gpA_xa_carasitc: 0.0057 gpB_xc_cascita: 0.0018 gpB_xc_cbscaitc: 0.0019 gpB_xc_cbrscitc: 0.0075 L1_xa: 0.0944 L1_xc: 0.0831 L1_itc: 0.0619 L1_prisa_xarec: 0.0034 L1_prisa_xcrec: 0.0040 L1_rsa_xarec: 0.1260 L1_prisc_xarec: 0.0032 L1_prisc_xcrec: 0.0038 L1_rsc_xcrec: 0.1535 L1_condixa_rec: 0.0064 L1_ita_xarec: 0.0223 L1_ita_xcrec: 0.0225 L1_condixc_rec: 0.0099 L1_itc_xarec: 0.0287 L1_itc_xcrec: 0.0303 L1_ca_recxa1: 0.0088 L1_ca_recxa2: 0.0103 L1_ca_recxa3: 0.0166 L1_cb_recxa1: 0.0150 L1_cb_recxa2: 0.0157 L1_cb_recxa3: 0.0206 secrecon_x_a: 0.0969 G_xa_cascita: -0.2890 G_xa_casaita: -0.2893 G_xa_carasitc: -0.2716 G_xc_cbscita: -0.2963 G_xc_cbscaitc: -0.2949 G_xc_cbrscitc: -0.2750 
(epoch: 1, iters: 4630, time: 0.083, data: 0.004) DA_xa_cascita: 0.0091 DA_xa_casaita: 0.0091 DA_xa_carasitc: -0.0025 DB_xc_cbscita: 0.0021 DB_xc_cbscaitc: -0.0003 DB_xc_cbrscitc: -0.0196 gpA_xa_cascita: 0.0084 gpA_xa_casaita: 0.0091 gpA_xa_carasitc: 0.0124 gpB_xc_cascita: 0.0017 gpB_xc_cbscaitc: 0.0012 gpB_xc_cbrscitc: 0.0043 L1_xa: 0.0957 L1_xc: 0.0982 L1_itc: 0.0682 L1_prisa_xarec: 0.0058 L1_prisa_xcrec: 0.0054 L1_rsa_xarec: 0.1535 L1_prisc_xarec: 0.0068 L1_prisc_xcrec: 0.0057 L1_rsc_xcrec: 0.1417 L1_condixa_rec: 0.0053 L1_ita_xarec: 0.0237 L1_ita_xcrec: 0.0232 L1_condixc_rec: 0.0097 L1_itc_xarec: 0.0267 L1_itc_xcrec: 0.0263 L1_ca_recxa1: 0.0128 L1_ca_recxa2: 0.0166 L1_ca_recxa3: 0.0185 L1_cb_recxa1: 0.0178 L1_cb_recxa2: 0.0186 L1_cb_recxa3: 0.0200 secrecon_x_a: 0.0971 G_xa_cascita: -0.2657 G_xa_casaita: -0.2631 G_xa_carasitc: -0.2509 G_xc_cbscita: -0.2782 G_xc_cbscaitc: -0.2754 G_xc_cbrscitc: -0.2524 
(epoch: 1, iters: 5130, time: 0.082, data: 0.004) DA_xa_cascita: 0.0531 DA_xa_casaita: 0.0460 DA_xa_carasitc: 0.0342 DB_xc_cbscita: 0.0214 DB_xc_cbscaitc: 0.0212 DB_xc_cbrscitc: 0.0190 gpA_xa_cascita: 0.0552 gpA_xa_casaita: 0.0473 gpA_xa_carasitc: 0.0531 gpB_xc_cascita: 0.0212 gpB_xc_cbscaitc: 0.0213 gpB_xc_cbrscitc: 0.0495 L1_xa: 0.0874 L1_xc: 0.0878 L1_itc: 0.0706 L1_prisa_xarec: 0.0039 L1_prisa_xcrec: 0.0041 L1_rsa_xarec: 0.1366 L1_prisc_xarec: 0.0035 L1_prisc_xcrec: 0.0043 L1_rsc_xcrec: 0.1365 L1_condixa_rec: 0.0070 L1_ita_xarec: 0.0218 L1_ita_xcrec: 0.0219 L1_condixc_rec: 0.0141 L1_itc_xarec: 0.0286 L1_itc_xcrec: 0.0290 L1_ca_recxa1: 0.0105 L1_ca_recxa2: 0.0112 L1_ca_recxa3: 0.0179 L1_cb_recxa1: 0.0165 L1_cb_recxa2: 0.0176 L1_cb_recxa3: 0.0215 secrecon_x_a: 0.0895 G_xa_cascita: -0.2523 G_xa_casaita: -0.2530 G_xa_carasitc: -0.2358 G_xc_cbscita: -0.2540 G_xc_cbscaitc: -0.2536 G_xc_cbrscitc: -0.2219 
(epoch: 1, iters: 5630, time: 0.083, data: 0.004) DA_xa_cascita: 0.0197 DA_xa_casaita: 0.0213 DA_xa_carasitc: 0.0082 DB_xc_cbscita: 0.0611 DB_xc_cbscaitc: 0.0497 DB_xc_cbrscitc: 0.0320 gpA_xa_cascita: 0.0243 gpA_xa_casaita: 0.0206 gpA_xa_carasitc: 0.0332 gpB_xc_cascita: 0.0614 gpB_xc_cbscaitc: 0.0506 gpB_xc_cbrscitc: 0.0492 L1_xa: 0.0749 L1_xc: 0.0850 L1_itc: 0.0720 L1_prisa_xarec: 0.0024 L1_prisa_xcrec: 0.0025 L1_rsa_xarec: 0.0985 L1_prisc_xarec: 0.0037 L1_prisc_xcrec: 0.0039 L1_rsc_xcrec: 0.0929 L1_condixa_rec: 0.0065 L1_ita_xarec: 0.0208 L1_ita_xcrec: 0.0206 L1_condixc_rec: 0.0183 L1_itc_xarec: 0.0328 L1_itc_xcrec: 0.0334 L1_ca_recxa1: 0.0096 L1_ca_recxa2: 0.0101 L1_ca_recxa3: 0.0158 L1_cb_recxa1: 0.0178 L1_cb_recxa2: 0.0184 L1_cb_recxa3: 0.0219 secrecon_x_a: 0.0770 G_xa_cascita: -0.2529 G_xa_casaita: -0.2578 G_xa_carasitc: -0.2332 G_xc_cbscita: -0.2509 G_xc_cbscaitc: -0.2499 G_xc_cbrscitc: -0.2333 
(epoch: 1, iters: 6130, time: 0.084, data: 0.004) DA_xa_cascita: 0.0038 DA_xa_casaita: 0.0059 DA_xa_carasitc: 0.0178 DB_xc_cbscita: 0.0479 DB_xc_cbscaitc: 0.0456 DB_xc_cbrscitc: 0.0205 gpA_xa_cascita: 0.0049 gpA_xa_casaita: 0.0058 gpA_xa_carasitc: 0.0326 gpB_xc_cascita: 0.0492 gpB_xc_cbscaitc: 0.0472 gpB_xc_cbrscitc: 0.0563 L1_xa: 0.0738 L1_xc: 0.0794 L1_itc: 0.0604 L1_prisa_xarec: 0.0021 L1_prisa_xcrec: 0.0025 L1_rsa_xarec: 0.0989 L1_prisc_xarec: 0.0023 L1_prisc_xcrec: 0.0016 L1_rsc_xcrec: 0.1050 L1_condixa_rec: 0.0062 L1_ita_xarec: 0.0222 L1_ita_xcrec: 0.0214 L1_condixc_rec: 0.0115 L1_itc_xarec: 0.0270 L1_itc_xcrec: 0.0249 L1_ca_recxa1: 0.0110 L1_ca_recxa2: 0.0110 L1_ca_recxa3: 0.0182 L1_cb_recxa1: 0.0145 L1_cb_recxa2: 0.0160 L1_cb_recxa3: 0.0182 secrecon_x_a: 0.0758 G_xa_cascita: -0.2364 G_xa_casaita: -0.2374 G_xa_carasitc: -0.2223 G_xc_cbscita: -0.2220 G_xc_cbscaitc: -0.2216 G_xc_cbrscitc: -0.1873 
(epoch: 1, iters: 6630, time: 0.082, data: 0.004) DA_xa_cascita: 0.0025 DA_xa_casaita: 0.0085 DA_xa_carasitc: 0.0035 DB_xc_cbscita: 0.0054 DB_xc_cbscaitc: 0.0012 DB_xc_cbrscitc: -0.0213 gpA_xa_cascita: 0.0083 gpA_xa_casaita: 0.0080 gpA_xa_carasitc: 0.0236 gpB_xc_cascita: 0.0087 gpB_xc_cbscaitc: 0.0094 gpB_xc_cbrscitc: 0.0117 L1_xa: 0.0843 L1_xc: 0.0965 L1_itc: 0.0794 L1_prisa_xarec: 0.0031 L1_prisa_xcrec: 0.0039 L1_rsa_xarec: 0.1032 L1_prisc_xarec: 0.0042 L1_prisc_xcrec: 0.0039 L1_rsc_xcrec: 0.1309 L1_condixa_rec: 0.0080 L1_ita_xarec: 0.0225 L1_ita_xcrec: 0.0226 L1_condixc_rec: 0.0099 L1_itc_xarec: 0.0339 L1_itc_xcrec: 0.0282 L1_ca_recxa1: 0.0116 L1_ca_recxa2: 0.0101 L1_ca_recxa3: 0.0226 L1_cb_recxa1: 0.0174 L1_cb_recxa2: 0.0185 L1_cb_recxa3: 0.0215 secrecon_x_a: 0.0861 G_xa_cascita: -0.2390 G_xa_casaita: -0.2463 G_xa_carasitc: -0.2242 G_xc_cbscita: -0.2471 G_xc_cbscaitc: -0.2426 G_xc_cbrscitc: -0.2179 
(epoch: 1, iters: 7130, time: 0.084, data: 0.004) DA_xa_cascita: 0.0002 DA_xa_casaita: 0.0029 DA_xa_carasitc: -0.0081 DB_xc_cbscita: 0.0106 DB_xc_cbscaitc: 0.0104 DB_xc_cbrscitc: -0.0067 gpA_xa_cascita: 0.0031 gpA_xa_casaita: 0.0031 gpA_xa_carasitc: 0.0087 gpB_xc_cascita: 0.0114 gpB_xc_cbscaitc: 0.0119 gpB_xc_cbrscitc: 0.0142 L1_xa: 0.0934 L1_xc: 0.0787 L1_itc: 0.0618 L1_prisa_xarec: 0.0034 L1_prisa_xcrec: 0.0046 L1_rsa_xarec: 0.1160 L1_prisc_xarec: 0.0028 L1_prisc_xcrec: 0.0027 L1_rsc_xcrec: 0.1280 L1_condixa_rec: 0.0062 L1_ita_xarec: 0.0250 L1_ita_xcrec: 0.0245 L1_condixc_rec: 0.0111 L1_itc_xarec: 0.0275 L1_itc_xcrec: 0.0262 L1_ca_recxa1: 0.0106 L1_ca_recxa2: 0.0115 L1_ca_recxa3: 0.0164 L1_cb_recxa1: 0.0158 L1_cb_recxa2: 0.0170 L1_cb_recxa3: 0.0192 secrecon_x_a: 0.0950 G_xa_cascita: -0.2568 G_xa_casaita: -0.2593 G_xa_carasitc: -0.2412 G_xc_cbscita: -0.2457 G_xc_cbscaitc: -0.2448 G_xc_cbrscitc: -0.2231 
(epoch: 1, iters: 7630, time: 0.082, data: 0.004) DA_xa_cascita: 0.0129 DA_xa_casaita: 0.0121 DA_xa_carasitc: -0.0014 DB_xc_cbscita: 0.0056 DB_xc_cbscaitc: -0.0012 DB_xc_cbrscitc: -0.0209 gpA_xa_cascita: 0.0153 gpA_xa_casaita: 0.0134 gpA_xa_carasitc: 0.0194 gpB_xc_cascita: 0.0059 gpB_xc_cbscaitc: 0.0040 gpB_xc_cbrscitc: 0.0053 L1_xa: 0.0742 L1_xc: 0.0962 L1_itc: 0.0659 L1_prisa_xarec: 0.0027 L1_prisa_xcrec: 0.0039 L1_rsa_xarec: 0.0974 L1_prisc_xarec: 0.0041 L1_prisc_xcrec: 0.0043 L1_rsc_xcrec: 0.1019 L1_condixa_rec: 0.0057 L1_ita_xarec: 0.0213 L1_ita_xcrec: 0.0208 L1_condixc_rec: 0.0111 L1_itc_xarec: 0.0275 L1_itc_xcrec: 0.0253 L1_ca_recxa1: 0.0134 L1_ca_recxa2: 0.0133 L1_ca_recxa3: 0.0163 L1_cb_recxa1: 0.0161 L1_cb_recxa2: 0.0171 L1_cb_recxa3: 0.0182 secrecon_x_a: 0.0758 G_xa_cascita: -0.2583 G_xa_casaita: -0.2595 G_xa_carasitc: -0.2370 G_xc_cbscita: -0.2819 G_xc_cbscaitc: -0.2763 G_xc_cbrscitc: -0.2558 
(epoch: 1, iters: 8130, time: 0.082, data: 0.004) DA_xa_cascita: 0.0358 DA_xa_casaita: 0.0355 DA_xa_carasitc: 0.0243 DB_xc_cbscita: 0.0051 DB_xc_cbscaitc: -0.0020 DB_xc_cbrscitc: -0.0207 gpA_xa_cascita: 0.0317 gpA_xa_casaita: 0.0345 gpA_xa_carasitc: 0.0414 gpB_xc_cascita: 0.0041 gpB_xc_cbscaitc: 0.0028 gpB_xc_cbrscitc: 0.0063 L1_xa: 0.0782 L1_xc: 0.0872 L1_itc: 0.0730 L1_prisa_xarec: 0.0026 L1_prisa_xcrec: 0.0037 L1_rsa_xarec: 0.1520 L1_prisc_xarec: 0.0025 L1_prisc_xcrec: 0.0030 L1_rsc_xcrec: 0.1760 L1_condixa_rec: 0.0073 L1_ita_xarec: 0.0191 L1_ita_xcrec: 0.0185 L1_condixc_rec: 0.0117 L1_itc_xarec: 0.0252 L1_itc_xcrec: 0.0251 L1_ca_recxa1: 0.0127 L1_ca_recxa2: 0.0147 L1_ca_recxa3: 0.0188 L1_cb_recxa1: 0.0156 L1_cb_recxa2: 0.0163 L1_cb_recxa3: 0.0204 secrecon_x_a: 0.0801 G_xa_cascita: -0.2879 G_xa_casaita: -0.2856 G_xa_carasitc: -0.2643 G_xc_cbscita: -0.2890 G_xc_cbscaitc: -0.2845 G_xc_cbrscitc: -0.2602 
(epoch: 1, iters: 8630, time: 0.082, data: 0.004) DA_xa_cascita: 0.0012 DA_xa_casaita: 0.0029 DA_xa_carasitc: -0.0070 DB_xc_cbscita: 0.0012 DB_xc_cbscaitc: -0.0036 DB_xc_cbrscitc: -0.0280 gpA_xa_cascita: 0.0030 gpA_xa_casaita: 0.0035 gpA_xa_carasitc: 0.0086 gpB_xc_cascita: 0.0016 gpB_xc_cbscaitc: 0.0012 gpB_xc_cbrscitc: 0.0040 L1_xa: 0.0761 L1_xc: 0.0830 L1_itc: 0.0806 L1_prisa_xarec: 0.0024 L1_prisa_xcrec: 0.0033 L1_rsa_xarec: 0.1317 L1_prisc_xarec: 0.0024 L1_prisc_xcrec: 0.0028 L1_rsc_xcrec: 0.1263 L1_condixa_rec: 0.0068 L1_ita_xarec: 0.0195 L1_ita_xcrec: 0.0192 L1_condixc_rec: 0.0123 L1_itc_xarec: 0.0236 L1_itc_xcrec: 0.0242 L1_ca_recxa1: 0.0108 L1_ca_recxa2: 0.0114 L1_ca_recxa3: 0.0168 L1_cb_recxa1: 0.0173 L1_cb_recxa2: 0.0175 L1_cb_recxa3: 0.0196 secrecon_x_a: 0.0778 G_xa_cascita: -0.2710 G_xa_casaita: -0.2712 G_xa_carasitc: -0.2521 G_xc_cbscita: -0.2837 G_xc_cbscaitc: -0.2791 G_xc_cbrscitc: -0.2497 
(epoch: 1, iters: 9130, time: 0.083, data: 0.004) DA_xa_cascita: 0.0128 DA_xa_casaita: 0.0157 DA_xa_carasitc: -0.0005 DB_xc_cbscita: 0.0106 DB_xc_cbscaitc: 0.0081 DB_xc_cbrscitc: -0.0135 gpA_xa_cascita: 0.0141 gpA_xa_casaita: 0.0162 gpA_xa_carasitc: 0.0213 gpB_xc_cascita: 0.0110 gpB_xc_cbscaitc: 0.0109 gpB_xc_cbrscitc: 0.0215 L1_xa: 0.0840 L1_xc: 0.0842 L1_itc: 0.0809 L1_prisa_xarec: 0.0034 L1_prisa_xcrec: 0.0035 L1_rsa_xarec: 0.1571 L1_prisc_xarec: 0.0023 L1_prisc_xcrec: 0.0026 L1_rsc_xcrec: 0.1562 L1_condixa_rec: 0.0068 L1_ita_xarec: 0.0256 L1_ita_xcrec: 0.0251 L1_condixc_rec: 0.0092 L1_itc_xarec: 0.0247 L1_itc_xcrec: 0.0259 L1_ca_recxa1: 0.0092 L1_ca_recxa2: 0.0105 L1_ca_recxa3: 0.0161 L1_cb_recxa1: 0.0161 L1_cb_recxa2: 0.0171 L1_cb_recxa3: 0.0204 secrecon_x_a: 0.0852 G_xa_cascita: -0.2518 G_xa_casaita: -0.2522 G_xa_carasitc: -0.2303 G_xc_cbscita: -0.2566 G_xc_cbscaitc: -0.2542 G_xc_cbrscitc: -0.2190 
(epoch: 1, iters: 9630, time: 0.083, data: 0.004) DA_xa_cascita: -0.0015 DA_xa_casaita: 0.0149 DA_xa_carasitc: -0.0169 DB_xc_cbscita: 0.0109 DB_xc_cbscaitc: 0.0134 DB_xc_cbrscitc: -0.0101 gpA_xa_cascita: 0.0084 gpA_xa_casaita: 0.0141 gpA_xa_carasitc: 0.0118 gpB_xc_cascita: 0.0106 gpB_xc_cbscaitc: 0.0124 gpB_xc_cbrscitc: 0.0178 L1_xa: 0.0960 L1_xc: 0.0874 L1_itc: 0.0573 L1_prisa_xarec: 0.0050 L1_prisa_xcrec: 0.0056 L1_rsa_xarec: 0.1275 L1_prisc_xarec: 0.0027 L1_prisc_xcrec: 0.0025 L1_rsc_xcrec: 0.1231 L1_condixa_rec: 0.0066 L1_ita_xarec: 0.0241 L1_ita_xcrec: 0.0240 L1_condixc_rec: 0.0095 L1_itc_xarec: 0.0283 L1_itc_xcrec: 0.0293 L1_ca_recxa1: 0.0170 L1_ca_recxa2: 0.0133 L1_ca_recxa3: 0.0162 L1_cb_recxa1: 0.0191 L1_cb_recxa2: 0.0200 L1_cb_recxa3: 0.0207 secrecon_x_a: 0.1006 G_xa_cascita: -0.2450 G_xa_casaita: -0.2568 G_xa_carasitc: -0.2228 G_xc_cbscita: -0.2308 G_xc_cbscaitc: -0.2313 G_xc_cbrscitc: -0.2024 
(epoch: 1, iters: 10130, time: 0.082, data: 0.004) DA_xa_cascita: 0.0042 DA_xa_casaita: 0.0138 DA_xa_carasitc: -0.0036 DB_xc_cbscita: -0.0004 DB_xc_cbscaitc: -0.0052 DB_xc_cbrscitc: -0.0164 gpA_xa_cascita: 0.0126 gpA_xa_casaita: 0.0138 gpA_xa_carasitc: 0.0207 gpB_xc_cascita: 0.0023 gpB_xc_cbscaitc: 0.0034 gpB_xc_cbrscitc: 0.0081 L1_xa: 0.0900 L1_xc: 0.0873 L1_itc: 0.1017 L1_prisa_xarec: 0.0067 L1_prisa_xcrec: 0.0091 L1_rsa_xarec: 0.1489 L1_prisc_xarec: 0.0037 L1_prisc_xcrec: 0.0040 L1_rsc_xcrec: 0.1374 L1_condixa_rec: 0.0094 L1_ita_xarec: 0.0290 L1_ita_xcrec: 0.0249 L1_condixc_rec: 0.0112 L1_itc_xarec: 0.0319 L1_itc_xcrec: 0.0317 L1_ca_recxa1: 0.0116 L1_ca_recxa2: 0.0129 L1_ca_recxa3: 0.0188 L1_cb_recxa1: 0.0163 L1_cb_recxa2: 0.0170 L1_cb_recxa3: 0.0194 secrecon_x_a: 0.0914 G_xa_cascita: -0.2687 G_xa_casaita: -0.2787 G_xa_carasitc: -0.2527 G_xc_cbscita: -0.2616 G_xc_cbscaitc: -0.2579 G_xc_cbrscitc: -0.2396 
