LSB Version:	:core-4.1-amd64:core-4.1-noarch
Distributor ID:	RedHatEnterprise
Description:	Red Hat Enterprise Linux release 8.7 (Ootpa)
Release:	8.7
Codename:	Ootpa
SLURM_JOBID 119452 SLURM_JOBID
----------------- Options ---------------
                     CtoE: True                          
                      DEM: True                          
                NE_MARGIN: True                          
          NE_MARGIN_VALUE: -0.25                         
                    activ: lrelu                         
                    batch: AdaIn                         	[default: batch]
               batch_size: 10                            	[default: 1]
                    beta1: 0.5                           
          checkpoints_dir: checkpoints                   
           continue_train: True                          
                crop_size: 256                           
                 dataroot: /gpfs/sharedfs1/manoslab/data/Qdata/GAN_CD/Sample_Preare/Huston/U10T24_S1S1S2_LCCDEM_O30_R200_128_QF	[default: None]
             dataset_mode: S1S2IALCCDEM                  	[default: Land2S1]
                direction: AtoB                          
              display_env: main                          
             display_freq: 400                           
               display_id: 1                             
            display_ncols: 4                             
             display_port: 8097                          
           display_server: http://localhost              
          display_winsize: 256                           
                    epoch: latest                        
              epoch_count: 1                             
                 gan_mode: wgangp                        	[default: lsgan]
                    gan_w: 1                             
                  gpu_ids: 0                             
                init_gain: 0.02                          
                init_type: kaiming                       
                 input_nc: 6                             
                  isTrain: True                          	[default: None]
               lambda_LDS: 1                             
               latent_dim: 9                             
                load_iter: 0                             	[default: 0]
                load_size: 256                           
                  log_dir: log                           
                       lr: 0.0004                        	[default: 0.0002]
           lr_decay_iters: 50                            
                lr_policy: linear                        
              main_ex_dir: /gpfs/sharedfs1/manoslab/data/Qdata/GAN_OUTPUT
         max_dataset_size: inf                           
                  mlp_dim: 256                           
                    model: MUNIT3XIA                     	[default: pix2pix_attn]
             n_downsample: 2                             
               n_layers_D: 3                             
                    n_res: 4                             
                     name: MUNIT3XIA_S1S1LIALCCDEMSLRL_diversity_U10_condi_SGD__S1S2IALCCDEM_MUNIT3XIA_AdaINGen_IA_wgangp_NormAdaIn_batchsize10	[default: experiment_name]
                      ndf: 64                            
                     netD: MsImageDis                    
                     netG: AdaINGen_IA                   
                      ngf: 64                            
                    niter: 30                            	[default: 100]
              niter_decay: 120                           	[default: 100]
               no_dropout: True                          
                  no_flip: False                         
                  no_html: False                         
                     norm: AdaIn                         
                num_class: 1                             
              num_threads: 8                             
                output_nc: 2                             	[default: 1]
                 pad_type: reflect                       
                    phase: train                         
                pool_size: 50                            
             predict_freq: 20000                         
               preprocess: resize_and_crop               
               print_freq: 50                            
                recon_c_w: 1                             
                recon_s_w: 1                             
            recon_x_cyc_w: 10                            
                recon_x_w: 10                            
              results_dir: results                       
             save_by_iter: False                         
          save_epoch_freq: 1                             	[default: 5]
         save_latest_freq: 500000000000                  
           serial_batches: False                         
              split_ratio: 0.02                          
            split_shuffle: False                         
                style_dim: 8                             
                   suffix: _{dataset_mode}_{model}_{netG}_{gan_mode}_Norm{batch}_batchsize{batch_size}
         update_html_freq: 1000                          
               use_same_D: True                          
               use_same_G: True                          
             valid_batchs: 20                            
              valid_nrows: 5                             
                  verbose: False                         
                    vgg_w: 0                             
----------------- End -------------------
Train dataset [S1S2IALCCDEMDataset] was created
Vali dataset [Subset] was created
The number of training images = 79998
The number of validating images = 1633
Use GPU!
NVIDIA A100-PCIE-40GB
initialize network with kaiming
initialize network with kaiming
/home/qiy17007/miniconda3/envs/torch3/lib/python3.9/site-packages/torch/nn/_reduction.py:42: UserWarning: size_average and reduce args will be deprecated, please use reduction='none' instead.
  warnings.warn(warning.format(ret))
model [MUNIT3XIAModel] was created
loading the model from /gpfs/sharedfs1/manoslab/data/Qdata/GAN_OUTPUT/MUNIT3XIA_S1S1LIALCCDEMSLRL_diversity_U10_condi_SGD__S1S2IALCCDEM_MUNIT3XIA_AdaINGen_IA_wgangp_NormAdaIn_batchsize10/checkpoints/410340_net_G_A.pth
loading the model from /gpfs/sharedfs1/manoslab/data/Qdata/GAN_OUTPUT/MUNIT3XIA_S1S1LIALCCDEMSLRL_diversity_U10_condi_SGD__S1S2IALCCDEM_MUNIT3XIA_AdaINGen_IA_wgangp_NormAdaIn_batchsize10/checkpoints/410340_net_D_A.pth
---------- Networks initialized -------------
[Network G_A] Total number of parameters : 38.705 M
[Network D_A] Total number of parameters : 1.984 M
-----------------------------------------------
create web directory /gpfs/sharedfs1/manoslab/data/Qdata/GAN_OUTPUT/MUNIT3XIA_S1S1LIALCCDEMSLRL_diversity_U10_condi_SGD__S1S2IALCCDEM_MUNIT3XIA_AdaINGen_IA_wgangp_NormAdaIn_batchsize10/checkpoints/MUNIT3XIA_S1S1LIALCCDEMSLRL_diversity_U10_condi_SGD__S1S2IALCCDEM_MUNIT3XIA_AdaINGen_IA_wgangp_NormAdaIn_batchsize10/web...
(epoch: 5, iters: 160, time: 0.097, data: 0.003) D_A: 0.0235 D_B: 0.0279 D_a2a: 0.0320 D_a2b: 0.0303 D_A_realsb: 0.0322 D_B_realsa: 0.0329 gp_A: 0.0238 gp_B: 0.0278 gp_a2a: 0.0319 gp_a2b: 0.0301 gp_A_realsb: 0.0320 gp_B_realsa: 0.0329 gen_adv_a: 0.3729 gen_recon_x_a: 0.1832 gen_cycrecon_x_a: 0.1832 gen_recon_s_a: 0.0390 gen_recon_c_a: 0.0008 gen_vgg_a: 0.0000 gen_adv_b: 0.3721 gen_recon_x_b: 0.1820 gen_cycrecon_x_b: 0.1820 gen_recon_s_b: 0.0423 gen_recon_c_b: 0.0008 gen_vgg_b: 0.0000 gen_recon_x_a2: 0.1913 gen_recon_s_a2aprime: 0.0015 gen_recon_s_a2bprime: 0.0015 gen_recon_c_a2a: 0.0008 gen_recon_c_a2b: 0.0007 gen_cycrecon_x_a2aa2: 0.1913 gen_cycrecon_x_a2ba2: 0.1913 gen_adv_a2a: 0.3795 gen_adv_a2b: 0.3794 gen_adv_arealb: 0.3716 gen_adv_breala: 0.3716 DS_xa: -2.2819 DS_xb: -2.2537 DS_xc_sa: -3.1311 DS_xc_sb: -3.1066 
(epoch: 5, iters: 660, time: 0.097, data: 0.005) D_A: 0.0001 D_B: 0.0013 D_a2a: 0.0067 D_a2b: 0.0064 D_A_realsb: 0.0055 D_B_realsa: 0.0045 gp_A: 0.0034 gp_B: 0.0037 gp_a2a: 0.0057 gp_a2b: 0.0050 gp_A_realsb: 0.0048 gp_B_realsa: 0.0047 gen_adv_a: 0.5710 gen_recon_x_a: 0.2021 gen_cycrecon_x_a: 0.2021 gen_recon_s_a: 0.0383 gen_recon_c_a: 0.0008 gen_vgg_a: 0.0000 gen_adv_b: 0.5701 gen_recon_x_b: 0.1945 gen_cycrecon_x_b: 0.1945 gen_recon_s_b: 0.0341 gen_recon_c_b: 0.0008 gen_vgg_b: 0.0000 gen_recon_x_a2: 0.1959 gen_recon_s_a2aprime: 0.0027 gen_recon_s_a2bprime: 0.0021 gen_recon_c_a2a: 0.0006 gen_recon_c_a2b: 0.0006 gen_cycrecon_x_a2aa2: 0.1959 gen_cycrecon_x_a2ba2: 0.1959 gen_adv_a2a: 0.5958 gen_adv_a2b: 0.5953 gen_adv_arealb: 0.5649 gen_adv_breala: 0.5651 DS_xa: -2.1366 DS_xb: -2.0948 DS_xc_sa: -3.3274 DS_xc_sb: -2.7460 
(epoch: 5, iters: 1160, time: 0.097, data: 0.004) D_A: 0.0027 D_B: 0.0016 D_a2a: 0.0006 D_a2b: 0.0018 D_A_realsb: 0.0023 D_B_realsa: 0.0014 gp_A: 0.0028 gp_B: 0.0019 gp_a2a: 0.0018 gp_a2b: 0.0021 gp_A_realsb: 0.0020 gp_B_realsa: 0.0020 gen_adv_a: 0.4690 gen_recon_x_a: 0.2041 gen_cycrecon_x_a: 0.2041 gen_recon_s_a: 0.0428 gen_recon_c_a: 0.0010 gen_vgg_a: 0.0000 gen_adv_b: 0.4682 gen_recon_x_b: 0.1828 gen_cycrecon_x_b: 0.1828 gen_recon_s_b: 0.0428 gen_recon_c_b: 0.0009 gen_vgg_b: 0.0000 gen_recon_x_a2: 0.2231 gen_recon_s_a2aprime: 0.0014 gen_recon_s_a2bprime: 0.0011 gen_recon_c_a2a: 0.0008 gen_recon_c_a2b: 0.0008 gen_cycrecon_x_a2aa2: 0.2231 gen_cycrecon_x_a2ba2: 0.2231 gen_adv_a2a: 0.5067 gen_adv_a2b: 0.5056 gen_adv_arealb: 0.4674 gen_adv_breala: 0.4680 DS_xa: -4.4484 DS_xb: -4.4222 DS_xc_sa: -2.4659 DS_xc_sb: -2.5589 
(epoch: 5, iters: 1660, time: 0.098, data: 0.004) D_A: 0.0036 D_B: 0.0031 D_a2a: -0.0004 D_a2b: 0.0009 D_A_realsb: 0.0016 D_B_realsa: -0.0009 gp_A: 0.0005 gp_B: 0.0006 gp_a2a: 0.0005 gp_a2b: 0.0005 gp_A_realsb: 0.0007 gp_B_realsa: 0.0007 gen_adv_a: 0.4543 gen_recon_x_a: 0.1811 gen_cycrecon_x_a: 0.1811 gen_recon_s_a: 0.0338 gen_recon_c_a: 0.0008 gen_vgg_a: 0.0000 gen_adv_b: 0.4528 gen_recon_x_b: 0.1777 gen_cycrecon_x_b: 0.1777 gen_recon_s_b: 0.0255 gen_recon_c_b: 0.0008 gen_vgg_b: 0.0000 gen_recon_x_a2: 0.1926 gen_recon_s_a2aprime: 0.0012 gen_recon_s_a2bprime: 0.0012 gen_recon_c_a2a: 0.0007 gen_recon_c_a2b: 0.0007 gen_cycrecon_x_a2aa2: 0.1926 gen_cycrecon_x_a2ba2: 0.1926 gen_adv_a2a: 0.4443 gen_adv_a2b: 0.4430 gen_adv_arealb: 0.4553 gen_adv_breala: 0.4564 DS_xa: -2.4393 DS_xb: -2.4415 DS_xc_sa: -2.2993 DS_xc_sb: -2.0854 
(epoch: 5, iters: 2160, time: 0.099, data: 0.004) D_A: 0.0026 D_B: 0.0068 D_a2a: 0.0010 D_a2b: 0.0014 D_A_realsb: 0.0030 D_B_realsa: 0.0020 gp_A: 0.0032 gp_B: 0.0047 gp_a2a: 0.0017 gp_a2b: 0.0015 gp_A_realsb: 0.0030 gp_B_realsa: 0.0032 gen_adv_a: 0.3793 gen_recon_x_a: 0.2134 gen_cycrecon_x_a: 0.2134 gen_recon_s_a: 0.0427 gen_recon_c_a: 0.0011 gen_vgg_a: 0.0000 gen_adv_b: 0.3844 gen_recon_x_b: 0.1915 gen_cycrecon_x_b: 0.1915 gen_recon_s_b: 0.0506 gen_recon_c_b: 0.0010 gen_vgg_b: 0.0000 gen_recon_x_a2: 0.1953 gen_recon_s_a2aprime: 0.0014 gen_recon_s_a2bprime: 0.0013 gen_recon_c_a2a: 0.0007 gen_recon_c_a2b: 0.0007 gen_cycrecon_x_a2aa2: 0.1953 gen_cycrecon_x_a2ba2: 0.1953 gen_adv_a2a: 0.3963 gen_adv_a2b: 0.3958 gen_adv_arealb: 0.3836 gen_adv_breala: 0.3842 DS_xa: -4.1011 DS_xb: -4.0091 DS_xc_sa: -3.1345 DS_xc_sb: -2.9217 
(epoch: 5, iters: 2660, time: 0.098, data: 0.004) D_A: 0.0036 D_B: 0.0025 D_a2a: 0.0053 D_a2b: 0.0050 D_A_realsb: 0.0038 D_B_realsa: 0.0047 gp_A: 0.0043 gp_B: 0.0035 gp_a2a: 0.0038 gp_a2b: 0.0040 gp_A_realsb: 0.0039 gp_B_realsa: 0.0045 gen_adv_a: 0.3084 gen_recon_x_a: 0.1856 gen_cycrecon_x_a: 0.1856 gen_recon_s_a: 0.0282 gen_recon_c_a: 0.0008 gen_vgg_a: 0.0000 gen_adv_b: 0.3085 gen_recon_x_b: 0.1798 gen_cycrecon_x_b: 0.1798 gen_recon_s_b: 0.0315 gen_recon_c_b: 0.0008 gen_vgg_b: 0.0000 gen_recon_x_a2: 0.2049 gen_recon_s_a2aprime: 0.0014 gen_recon_s_a2bprime: 0.0013 gen_recon_c_a2a: 0.0007 gen_recon_c_a2b: 0.0007 gen_cycrecon_x_a2aa2: 0.2049 gen_cycrecon_x_a2ba2: 0.2049 gen_adv_a2a: 0.2781 gen_adv_a2b: 0.2784 gen_adv_arealb: 0.3071 gen_adv_breala: 0.3070 DS_xa: -2.6062 DS_xb: -2.6058 DS_xc_sa: -3.1763 DS_xc_sb: -2.9495 
(epoch: 5, iters: 3160, time: 0.098, data: 0.003) D_A: 0.0117 D_B: 0.0098 D_a2a: 0.0100 D_a2b: 0.0094 D_A_realsb: 0.0094 D_B_realsa: 0.0111 gp_A: 0.0109 gp_B: 0.0099 gp_a2a: 0.0100 gp_a2b: 0.0102 gp_A_realsb: 0.0095 gp_B_realsa: 0.0095 gen_adv_a: 0.2258 gen_recon_x_a: 0.1790 gen_cycrecon_x_a: 0.1790 gen_recon_s_a: 0.0266 gen_recon_c_a: 0.0008 gen_vgg_a: 0.0000 gen_adv_b: 0.2257 gen_recon_x_b: 0.1667 gen_cycrecon_x_b: 0.1667 gen_recon_s_b: 0.0272 gen_recon_c_b: 0.0007 gen_vgg_b: 0.0000 gen_recon_x_a2: 0.2096 gen_recon_s_a2aprime: 0.0020 gen_recon_s_a2bprime: 0.0019 gen_recon_c_a2a: 0.0007 gen_recon_c_a2b: 0.0007 gen_cycrecon_x_a2aa2: 0.2096 gen_cycrecon_x_a2ba2: 0.2096 gen_adv_a2a: 0.2319 gen_adv_a2b: 0.2324 gen_adv_arealb: 0.2262 gen_adv_breala: 0.2258 DS_xa: -3.6184 DS_xb: -3.6077 DS_xc_sa: -2.6727 DS_xc_sb: -2.8244 
(epoch: 5, iters: 3660, time: 0.098, data: 0.003) D_A: 0.0055 D_B: 0.0070 D_a2a: 0.0104 D_a2b: 0.0096 D_A_realsb: 0.0093 D_B_realsa: 0.0107 gp_A: 0.0092 gp_B: 0.0098 gp_a2a: 0.0093 gp_a2b: 0.0094 gp_A_realsb: 0.0096 gp_B_realsa: 0.0096 gen_adv_a: 0.2428 gen_recon_x_a: 0.1780 gen_cycrecon_x_a: 0.1780 gen_recon_s_a: 0.0337 gen_recon_c_a: 0.0007 gen_vgg_a: 0.0000 gen_adv_b: 0.2427 gen_recon_x_b: 0.1752 gen_cycrecon_x_b: 0.1752 gen_recon_s_b: 0.0320 gen_recon_c_b: 0.0007 gen_vgg_b: 0.0000 gen_recon_x_a2: 0.1857 gen_recon_s_a2aprime: 0.0017 gen_recon_s_a2bprime: 0.0020 gen_recon_c_a2a: 0.0006 gen_recon_c_a2b: 0.0006 gen_cycrecon_x_a2aa2: 0.1857 gen_cycrecon_x_a2ba2: 0.1857 gen_adv_a2a: 0.2400 gen_adv_a2b: 0.2412 gen_adv_arealb: 0.2372 gen_adv_breala: 0.2363 DS_xa: -3.0368 DS_xb: -3.0687 DS_xc_sa: -2.9891 DS_xc_sb: -2.5769 
(epoch: 5, iters: 4160, time: 0.099, data: 0.004) D_A: 0.0008 D_B: 0.0002 D_a2a: 0.0029 D_a2b: 0.0031 D_A_realsb: 0.0019 D_B_realsa: 0.0019 gp_A: 0.0021 gp_B: 0.0027 gp_a2a: 0.0029 gp_a2b: 0.0029 gp_A_realsb: 0.0022 gp_B_realsa: 0.0021 gen_adv_a: 0.1621 gen_recon_x_a: 0.2081 gen_cycrecon_x_a: 0.2081 gen_recon_s_a: 0.0329 gen_recon_c_a: 0.0011 gen_vgg_a: 0.0000 gen_adv_b: 0.1628 gen_recon_x_b: 0.2006 gen_cycrecon_x_b: 0.2006 gen_recon_s_b: 0.0374 gen_recon_c_b: 0.0010 gen_vgg_b: 0.0000 gen_recon_x_a2: 0.1843 gen_recon_s_a2aprime: 0.0018 gen_recon_s_a2bprime: 0.0015 gen_recon_c_a2a: 0.0006 gen_recon_c_a2b: 0.0006 gen_cycrecon_x_a2aa2: 0.1843 gen_cycrecon_x_a2ba2: 0.1843 gen_adv_a2a: 0.1900 gen_adv_a2b: 0.1898 gen_adv_arealb: 0.1609 gen_adv_breala: 0.1609 DS_xa: -2.4590 DS_xb: -2.4626 DS_xc_sa: -2.2791 DS_xc_sb: -2.0794 
(epoch: 5, iters: 4660, time: 0.098, data: 0.005) D_A: 0.0005 D_B: 0.0010 D_a2a: 0.0042 D_a2b: 0.0038 D_A_realsb: 0.0016 D_B_realsa: 0.0020 gp_A: 0.0022 gp_B: 0.0022 gp_a2a: 0.0042 gp_a2b: 0.0037 gp_A_realsb: 0.0021 gp_B_realsa: 0.0019 gen_adv_a: 0.1439 gen_recon_x_a: 0.1934 gen_cycrecon_x_a: 0.1934 gen_recon_s_a: 0.0324 gen_recon_c_a: 0.0009 gen_vgg_a: 0.0000 gen_adv_b: 0.1443 gen_recon_x_b: 0.1786 gen_cycrecon_x_b: 0.1786 gen_recon_s_b: 0.0280 gen_recon_c_b: 0.0008 gen_vgg_b: 0.0000 gen_recon_x_a2: 0.2029 gen_recon_s_a2aprime: 0.0017 gen_recon_s_a2bprime: 0.0017 gen_recon_c_a2a: 0.0007 gen_recon_c_a2b: 0.0007 gen_cycrecon_x_a2aa2: 0.2029 gen_cycrecon_x_a2ba2: 0.2029 gen_adv_a2a: 0.1602 gen_adv_a2b: 0.1601 gen_adv_arealb: 0.1426 gen_adv_breala: 0.1424 DS_xa: -3.1280 DS_xb: -3.0712 DS_xc_sa: -2.6287 DS_xc_sb: -3.1642 
(epoch: 5, iters: 5160, time: 0.098, data: 0.003) D_A: 0.0019 D_B: 0.0029 D_a2a: 0.0042 D_a2b: 0.0043 D_A_realsb: 0.0040 D_B_realsa: 0.0030 gp_A: 0.0024 gp_B: 0.0032 gp_a2a: 0.0028 gp_a2b: 0.0024 gp_A_realsb: 0.0028 gp_B_realsa: 0.0031 gen_adv_a: 0.1619 gen_recon_x_a: 0.1877 gen_cycrecon_x_a: 0.1877 gen_recon_s_a: 0.0272 gen_recon_c_a: 0.0010 gen_vgg_a: 0.0000 gen_adv_b: 0.1627 gen_recon_x_b: 0.1991 gen_cycrecon_x_b: 0.1991 gen_recon_s_b: 0.0342 gen_recon_c_b: 0.0010 gen_vgg_b: 0.0000 gen_recon_x_a2: 0.2042 gen_recon_s_a2aprime: 0.0015 gen_recon_s_a2bprime: 0.0016 gen_recon_c_a2a: 0.0007 gen_recon_c_a2b: 0.0007 gen_cycrecon_x_a2aa2: 0.2043 gen_cycrecon_x_a2ba2: 0.2043 gen_adv_a2a: 0.1833 gen_adv_a2b: 0.1829 gen_adv_arealb: 0.1609 gen_adv_breala: 0.1615 DS_xa: -4.0092 DS_xb: -4.0673 DS_xc_sa: -2.9082 DS_xc_sb: -2.5741 
(epoch: 5, iters: 5660, time: 0.098, data: 0.004) D_A: 0.0014 D_B: 0.0010 D_a2a: 0.0018 D_a2b: 0.0023 D_A_realsb: 0.0032 D_B_realsa: 0.0030 gp_A: 0.0028 gp_B: 0.0028 gp_a2a: 0.0029 gp_a2b: 0.0030 gp_A_realsb: 0.0029 gp_B_realsa: 0.0032 gen_adv_a: 0.1049 gen_recon_x_a: 0.1843 gen_cycrecon_x_a: 0.1843 gen_recon_s_a: 0.0356 gen_recon_c_a: 0.0009 gen_vgg_a: 0.0000 gen_adv_b: 0.1069 gen_recon_x_b: 0.1830 gen_cycrecon_x_b: 0.1830 gen_recon_s_b: 0.0373 gen_recon_c_b: 0.0008 gen_vgg_b: 0.0000 gen_recon_x_a2: 0.1778 gen_recon_s_a2aprime: 0.0011 gen_recon_s_a2bprime: 0.0010 gen_recon_c_a2a: 0.0005 gen_recon_c_a2b: 0.0006 gen_cycrecon_x_a2aa2: 0.1778 gen_cycrecon_x_a2ba2: 0.1778 gen_adv_a2a: 0.1238 gen_adv_a2b: 0.1233 gen_adv_arealb: 0.1031 gen_adv_breala: 0.1040 DS_xa: -2.2849 DS_xb: -2.2587 DS_xc_sa: -2.5613 DS_xc_sb: -2.2815 
(epoch: 5, iters: 6160, time: 0.099, data: 0.003) D_A: 0.0005 D_B: 0.0022 D_a2a: 0.0018 D_a2b: 0.0020 D_A_realsb: 0.0021 D_B_realsa: 0.0009 gp_A: 0.0006 gp_B: 0.0007 gp_a2a: 0.0007 gp_a2b: 0.0006 gp_A_realsb: 0.0006 gp_B_realsa: 0.0009 gen_adv_a: 0.1903 gen_recon_x_a: 0.1977 gen_cycrecon_x_a: 0.1977 gen_recon_s_a: 0.0406 gen_recon_c_a: 0.0008 gen_vgg_a: 0.0000 gen_adv_b: 0.1877 gen_recon_x_b: 0.1919 gen_cycrecon_x_b: 0.1919 gen_recon_s_b: 0.0380 gen_recon_c_b: 0.0008 gen_vgg_b: 0.0000 gen_recon_x_a2: 0.1806 gen_recon_s_a2aprime: 0.0022 gen_recon_s_a2bprime: 0.0020 gen_recon_c_a2a: 0.0006 gen_recon_c_a2b: 0.0006 gen_cycrecon_x_a2aa2: 0.1806 gen_cycrecon_x_a2ba2: 0.1806 gen_adv_a2a: 0.1963 gen_adv_a2b: 0.1961 gen_adv_arealb: 0.1888 gen_adv_breala: 0.1894 DS_xa: -2.3853 DS_xb: -2.3497 DS_xc_sa: -2.4081 DS_xc_sb: -2.6537 
(epoch: 5, iters: 6660, time: 0.098, data: 0.004) D_A: -0.0007 D_B: 0.0009 D_a2a: 0.0011 D_a2b: 0.0008 D_A_realsb: 0.0005 D_B_realsa: 0.0009 gp_A: 0.0005 gp_B: 0.0005 gp_a2a: 0.0017 gp_a2b: 0.0017 gp_A_realsb: 0.0005 gp_B_realsa: 0.0005 gen_adv_a: 0.1812 gen_recon_x_a: 0.1847 gen_cycrecon_x_a: 0.1847 gen_recon_s_a: 0.0362 gen_recon_c_a: 0.0008 gen_vgg_a: 0.0000 gen_adv_b: 0.1816 gen_recon_x_b: 0.1835 gen_cycrecon_x_b: 0.1835 gen_recon_s_b: 0.0384 gen_recon_c_b: 0.0008 gen_vgg_b: 0.0000 gen_recon_x_a2: 0.1627 gen_recon_s_a2aprime: 0.0013 gen_recon_s_a2bprime: 0.0014 gen_recon_c_a2a: 0.0006 gen_recon_c_a2b: 0.0006 gen_cycrecon_x_a2aa2: 0.1627 gen_cycrecon_x_a2ba2: 0.1627 gen_adv_a2a: 0.1671 gen_adv_a2b: 0.1673 gen_adv_arealb: 0.1809 gen_adv_breala: 0.1808 DS_xa: -3.0399 DS_xb: -3.0134 DS_xc_sa: -2.0758 DS_xc_sb: -2.4803 
(epoch: 5, iters: 7160, time: 0.099, data: 0.003) D_A: -0.0013 D_B: -0.0000 D_a2a: 0.0004 D_a2b: 0.0005 D_A_realsb: 0.0007 D_B_realsa: 0.0009 gp_A: 0.0006 gp_B: 0.0006 gp_a2a: 0.0004 gp_a2b: 0.0003 gp_A_realsb: 0.0009 gp_B_realsa: 0.0009 gen_adv_a: 0.0389 gen_recon_x_a: 0.1749 gen_cycrecon_x_a: 0.1749 gen_recon_s_a: 0.0375 gen_recon_c_a: 0.0008 gen_vgg_a: 0.0000 gen_adv_b: 0.0381 gen_recon_x_b: 0.1921 gen_cycrecon_x_b: 0.1921 gen_recon_s_b: 0.0335 gen_recon_c_b: 0.0009 gen_vgg_b: 0.0000 gen_recon_x_a2: 0.1893 gen_recon_s_a2aprime: 0.0016 gen_recon_s_a2bprime: 0.0013 gen_recon_c_a2a: 0.0006 gen_recon_c_a2b: 0.0006 gen_cycrecon_x_a2aa2: 0.1893 gen_cycrecon_x_a2ba2: 0.1893 gen_adv_a2a: 0.0272 gen_adv_a2b: 0.0271 gen_adv_arealb: 0.0381 gen_adv_breala: 0.0380 DS_xa: -2.2592 DS_xb: -2.2415 DS_xc_sa: -3.5097 DS_xc_sb: -2.6870 
(epoch: 5, iters: 7660, time: 0.098, data: 0.003) D_A: -0.0020 D_B: -0.0013 D_a2a: 0.0009 D_a2b: 0.0009 D_A_realsb: 0.0014 D_B_realsa: 0.0008 gp_A: 0.0002 gp_B: 0.0004 gp_a2a: 0.0007 gp_a2b: 0.0007 gp_A_realsb: 0.0004 gp_B_realsa: 0.0004 gen_adv_a: 0.2073 gen_recon_x_a: 0.1806 gen_cycrecon_x_a: 0.1806 gen_recon_s_a: 0.0270 gen_recon_c_a: 0.0007 gen_vgg_a: 0.0000 gen_adv_b: 0.2057 gen_recon_x_b: 0.1949 gen_cycrecon_x_b: 0.1949 gen_recon_s_b: 0.0370 gen_recon_c_b: 0.0008 gen_vgg_b: 0.0000 gen_recon_x_a2: 0.1908 gen_recon_s_a2aprime: 0.0014 gen_recon_s_a2bprime: 0.0014 gen_recon_c_a2a: 0.0007 gen_recon_c_a2b: 0.0007 gen_cycrecon_x_a2aa2: 0.1908 gen_cycrecon_x_a2ba2: 0.1908 gen_adv_a2a: 0.1979 gen_adv_a2b: 0.1977 gen_adv_arealb: 0.2030 gen_adv_breala: 0.2033 DS_xa: -2.3545 DS_xb: -2.3502 DS_xc_sa: -2.4331 DS_xc_sb: -2.4116 
(epoch: 5, iters: 8160, time: 0.098, data: 0.003) D_A: 0.0008 D_B: 0.0018 D_a2a: 0.0040 D_a2b: 0.0060 D_A_realsb: 0.0041 D_B_realsa: 0.0037 gp_A: 0.0031 gp_B: 0.0037 gp_a2a: 0.0038 gp_a2b: 0.0054 gp_A_realsb: 0.0034 gp_B_realsa: 0.0034 gen_adv_a: 0.1482 gen_recon_x_a: 0.2113 gen_cycrecon_x_a: 0.2113 gen_recon_s_a: 0.0381 gen_recon_c_a: 0.0009 gen_vgg_a: 0.0000 gen_adv_b: 0.1486 gen_recon_x_b: 0.1855 gen_cycrecon_x_b: 0.1855 gen_recon_s_b: 0.0420 gen_recon_c_b: 0.0008 gen_vgg_b: 0.0000 gen_recon_x_a2: 0.1799 gen_recon_s_a2aprime: 0.0017 gen_recon_s_a2bprime: 0.0018 gen_recon_c_a2a: 0.0006 gen_recon_c_a2b: 0.0006 gen_cycrecon_x_a2aa2: 0.1799 gen_cycrecon_x_a2ba2: 0.1799 gen_adv_a2a: 0.1462 gen_adv_a2b: 0.1460 gen_adv_arealb: 0.1456 gen_adv_breala: 0.1457 DS_xa: -3.9031 DS_xb: -3.9328 DS_xc_sa: -2.4915 DS_xc_sb: -2.7595 
(epoch: 5, iters: 8660, time: 0.098, data: 0.003) D_A: 67.1782 D_B: 67.1433 D_a2a: 68.6853 D_a2b: 68.4708 D_A_realsb: 67.0825 D_B_realsa: 67.1386 gp_A: 67.1864 gp_B: 67.1476 gp_a2a: 68.6795 gp_a2b: 68.4663 gp_A_realsb: 67.0817 gp_B_realsa: 67.1356 gen_adv_a: -0.3416 gen_recon_x_a: 0.2015 gen_cycrecon_x_a: 0.2015 gen_recon_s_a: 0.0292 gen_recon_c_a: 0.0008 gen_vgg_a: 0.0000 gen_adv_b: -0.3340 gen_recon_x_b: 0.1831 gen_cycrecon_x_b: 0.1831 gen_recon_s_b: 0.0323 gen_recon_c_b: 0.0007 gen_vgg_b: 0.0000 gen_recon_x_a2: 0.1820 gen_recon_s_a2aprime: 0.0022 gen_recon_s_a2bprime: 0.0021 gen_recon_c_a2a: 0.0006 gen_recon_c_a2b: 0.0006 gen_cycrecon_x_a2aa2: 0.1820 gen_cycrecon_x_a2ba2: 0.1820 gen_adv_a2a: -0.3251 gen_adv_a2b: -0.3219 gen_adv_arealb: -0.3556 gen_adv_breala: -0.3589 DS_xa: -2.6684 DS_xb: -2.6514 DS_xc_sa: -2.3508 DS_xc_sb: -3.2335 
(epoch: 5, iters: 9160, time: 0.098, data: 0.003) D_A: 0.0017 D_B: 0.0018 D_a2a: 0.0009 D_a2b: 0.0007 D_A_realsb: 0.0010 D_B_realsa: 0.0013 gp_A: 0.0010 gp_B: 0.0011 gp_a2a: 0.0010 gp_a2b: 0.0009 gp_A_realsb: 0.0011 gp_B_realsa: 0.0014 gen_adv_a: 0.3069 gen_recon_x_a: 0.1847 gen_cycrecon_x_a: 0.1847 gen_recon_s_a: 0.0331 gen_recon_c_a: 0.0008 gen_vgg_a: 0.0000 gen_adv_b: 0.3068 gen_recon_x_b: 0.1873 gen_cycrecon_x_b: 0.1873 gen_recon_s_b: 0.0428 gen_recon_c_b: 0.0008 gen_vgg_b: 0.0000 gen_recon_x_a2: 0.2194 gen_recon_s_a2aprime: 0.0011 gen_recon_s_a2bprime: 0.0012 gen_recon_c_a2a: 0.0007 gen_recon_c_a2b: 0.0007 gen_cycrecon_x_a2aa2: 0.2194 gen_cycrecon_x_a2ba2: 0.2194 gen_adv_a2a: 0.3093 gen_adv_a2b: 0.3093 gen_adv_arealb: 0.3073 gen_adv_breala: 0.3072 DS_xa: -3.1646 DS_xb: -3.1189 DS_xc_sa: -3.7264 DS_xc_sb: -4.0968 
(epoch: 5, iters: 9660, time: 0.098, data: 0.003) D_A: 0.0055 D_B: 0.0044 D_a2a: 0.0019 D_a2b: 0.0018 D_A_realsb: 0.0055 D_B_realsa: 0.0050 gp_A: 0.0047 gp_B: 0.0039 gp_a2a: 0.0017 gp_a2b: 0.0015 gp_A_realsb: 0.0054 gp_B_realsa: 0.0051 gen_adv_a: 0.2677 gen_recon_x_a: 0.1780 gen_cycrecon_x_a: 0.1780 gen_recon_s_a: 0.0516 gen_recon_c_a: 0.0009 gen_vgg_a: 0.0000 gen_adv_b: 0.2678 gen_recon_x_b: 0.1849 gen_cycrecon_x_b: 0.1849 gen_recon_s_b: 0.0401 gen_recon_c_b: 0.0010 gen_vgg_b: 0.0000 gen_recon_x_a2: 0.2002 gen_recon_s_a2aprime: 0.0016 gen_recon_s_a2bprime: 0.0015 gen_recon_c_a2a: 0.0007 gen_recon_c_a2b: 0.0007 gen_cycrecon_x_a2aa2: 0.2002 gen_cycrecon_x_a2ba2: 0.2002 gen_adv_a2a: 0.3148 gen_adv_a2b: 0.3148 gen_adv_arealb: 0.2684 gen_adv_breala: 0.2684 DS_xa: -2.4602 DS_xb: -2.5027 DS_xc_sa: -2.4158 DS_xc_sb: -2.8712 
(epoch: 5, iters: 10160, time: 0.098, data: 0.004) D_A: 0.0015 D_B: 0.0012 D_a2a: 0.0013 D_a2b: 0.0013 D_A_realsb: 0.0021 D_B_realsa: 0.0021 gp_A: 0.0016 gp_B: 0.0013 gp_a2a: 0.0011 gp_a2b: 0.0011 gp_A_realsb: 0.0020 gp_B_realsa: 0.0020 gen_adv_a: 0.3099 gen_recon_x_a: 0.1802 gen_cycrecon_x_a: 0.1802 gen_recon_s_a: 0.0380 gen_recon_c_a: 0.0009 gen_vgg_a: 0.0000 gen_adv_b: 0.3097 gen_recon_x_b: 0.1776 gen_cycrecon_x_b: 0.1776 gen_recon_s_b: 0.0461 gen_recon_c_b: 0.0008 gen_vgg_b: 0.0000 gen_recon_x_a2: 0.2009 gen_recon_s_a2aprime: 0.0013 gen_recon_s_a2bprime: 0.0012 gen_recon_c_a2a: 0.0006 gen_recon_c_a2b: 0.0007 gen_cycrecon_x_a2aa2: 0.2009 gen_cycrecon_x_a2ba2: 0.2009 gen_adv_a2a: 0.2886 gen_adv_a2b: 0.2885 gen_adv_arealb: 0.3094 gen_adv_breala: 0.3095 DS_xa: -2.4027 DS_xb: -2.3670 DS_xc_sa: -3.2080 DS_xc_sb: -2.8793 
Traceback (most recent call last):
  File "/shared/stormcenter/Qing_Y/GAN_ChangeDetection/ASGIT/train_novisdom.py", line 87, in <module>
    visualizer.print_current_losses(epoch, epoch_iter, losses, t_comp, t_data, 
  File "/shared/stormcenter/Qing_Y/GAN_ChangeDetection/ASGIT/util/visualizer_local.py", line 445, in print_current_losses
    with open(self.log_name, "a") as log_file:
FileNotFoundError: [Errno 2] No such file or directory: '/gpfs/sharedfs1/manoslab/data/Qdata/GAN_OUTPUT/MUNIT3XIA_S1S1LIALCCDEMSLRL_diversity_U10_condi_SGD__S1S2IALCCDEM_MUNIT3XIA_AdaINGen_IA_wgangp_NormAdaIn_batchsize10/checkpoints/MUNIT3XIA_S1S1LIALCCDEMSLRL_diversity_U10_condi_SGD__S1S2IALCCDEM_MUNIT3XIA_AdaINGen_IA_wgangp_NormAdaIn_batchsize10/loss_log.txt'
