LSB Version:	:core-4.1-amd64:core-4.1-noarch
Distributor ID:	RedHatEnterprise
Description:	Red Hat Enterprise Linux release 8.7 (Ootpa)
Release:	8.7
Codename:	Ootpa
SLURM_JOBID 119447 SLURM_JOBID
----------------- Options ---------------
                    DS_on: True                          
                NE_MARGIN: True                          
          NE_MARGIN_VALUE: -2                            
                    batch: instance                      	[default: batch]
               batch_size: 64                            	[default: 1]
                    beta1: 0.5                           
          checkpoints_dir: checkpoints                   
            conditional_D: True                          
           continue_train: True                          
                crop_size: 256                           
                 dataroot: /gpfs/sharedfs1/manoslab/data/Qdata/GAN_CD/Downscaling/VIIRs_RAPID/Samples/RAPIDonly_PerW05_buf1575_R20_256	[default: None]
             dataset_mode: RAPIDFIM                      	[default: Land2S1]
                direction: AtoB                          
              display_env: main                          
             display_freq: 400                           
               display_id: 1                             
            display_ncols: 4                             
             display_port: 8097                          
           display_server: http://localhost              
          display_winsize: 256                           
                    epoch: latest                        
              epoch_count: 1                             
                 gan_mode: wgangp                        	[default: lsgan]
                  gpu_ids: 0                             
                init_gain: 0.02                          
                init_type: kaiming                       
                 input_nc: 5                             	[default: 6]
                  isTrain: True                          	[default: None]
               lambda_GAN: 1.0                           
              lambda_GAN2: 1.0                           
                lambda_L1: 10.0                          
               lambda_LDS: 5                             
                lambda_kl: 0.01                          
                 lambda_z: 0.5                           
               latent_dim: 9                             
                load_iter: 0                             	[default: 0]
                load_size: 256                           
                  log_dir: log                           
                       lr: 0.0004                        	[default: 0.0002]
           lr_decay_iters: 50                            
                lr_policy: linear                        
              main_ex_dir: /gpfs/sharedfs1/manoslab/data/Qdata/GAN_OUTPUT
         max_dataset_size: inf                           
                    model: DSBicycle                     	[default: pix2pix_attn]
               n_layers_D: 3                             
                     name: VR_DS_MFS_sameD_toall__RAPIDFIM_DSBicycle_unet_256_wgangp_Norminstance_batchsize64	[default: experiment_name]
                      ndf: 64                            	[default: 64]
                      nef: 64                            
                     netD: basic_256_multi               
                    netD2: basic_256_multi               
                     netE: resnet_256                    
                     netG: unet_256                      
                      ngf: 64                            	[default: 64]
                    niter: 500                           	[default: 100]
              niter_decay: 500                           	[default: 100]
                       nl: relu                          
               no_dropout: False                         
                no_encode: False                         
                  no_flip: False                         
                  no_html: False                         
                     norm: instance                      
                   num_Ds: 2                             
                num_class: 1                             
              num_threads: 8                             
                       nz: 8                             
                output_nc: 1                             
                    phase: train                         
                pool_size: 50                            
             predict_freq: 20000                         
               preprocess: resize_and_crop               
               print_freq: 50                            
              results_dir: results                       
             save_by_iter: False                         
          save_epoch_freq: 10                            	[default: 5]
         save_latest_freq: 500000000000                  
           serial_batches: False                         
              split_ratio: 0.02                          
            split_shuffle: False                         
                   suffix: _{dataset_mode}_{model}_{netG}_{gan_mode}_Norm{batch}_batchsize{batch_size}
         update_html_freq: 1000                          
                 upsample: basic                         
              use_dropout: False                         
               use_same_D: False                         
             valid_batchs: 20                            
              valid_nrows: 5                             
                  verbose: False                         
                where_add: all                           
----------------- End -------------------
Train dataset [RAPIDFIMDataset] was created
Vali dataset [Subset] was created
The number of training images = 58331
The number of validating images = 1191
Use GPU!
NVIDIA A100-PCIE-40GB
instance
initialize network with kaiming
initialize network with kaiming
initialize network with kaiming
initialize network with kaiming
/home/qiy17007/miniconda3/envs/torch3/lib/python3.9/site-packages/torch/nn/_reduction.py:42: UserWarning: size_average and reduce args will be deprecated, please use reduction='none' instead.
  warnings.warn(warning.format(ret))
model [DSBicycleModel] was created
loading the model from /gpfs/sharedfs1/manoslab/data/Qdata/GAN_OUTPUT/VR_DS_MFS_sameD_toall__RAPIDFIM_DSBicycle_unet_256_wgangp_Norminstance_batchsize64/checkpoints/2572800_net_G.pth
loading the model from /gpfs/sharedfs1/manoslab/data/Qdata/GAN_OUTPUT/VR_DS_MFS_sameD_toall__RAPIDFIM_DSBicycle_unet_256_wgangp_Norminstance_batchsize64/checkpoints/2572800_net_D.pth
loading the model from /gpfs/sharedfs1/manoslab/data/Qdata/GAN_OUTPUT/VR_DS_MFS_sameD_toall__RAPIDFIM_DSBicycle_unet_256_wgangp_Norminstance_batchsize64/checkpoints/2572800_net_D2.pth
loading the model from /gpfs/sharedfs1/manoslab/data/Qdata/GAN_OUTPUT/VR_DS_MFS_sameD_toall__RAPIDFIM_DSBicycle_unet_256_wgangp_Norminstance_batchsize64/checkpoints/2572800_net_E.pth
---------- Networks initialized -------------
[Network G] Total number of parameters : 54.793 M
[Network D] Total number of parameters : 3.464 M
[Network D2] Total number of parameters : 3.464 M
[Network E] Total number of parameters : 2.588 M
-----------------------------------------------
create web directory /gpfs/sharedfs1/manoslab/data/Qdata/GAN_OUTPUT/VR_DS_MFS_sameD_toall__RAPIDFIM_DSBicycle_unet_256_wgangp_Norminstance_batchsize64/checkpoints/VR_DS_MFS_sameD_toall__RAPIDFIM_DSBicycle_unet_256_wgangp_Norminstance_batchsize64/web...
(epoch: 44, iters: 3200, time: 0.016, data: 0.027) G_GAN: -0.7211 D: 0.0029 G_GAN2: 0.2332 D2: 0.0047 G_L1: 0.0272 z_L1: 0.3680 kl: 0.0005 gradient_penalty: 0.0049 errNE: -10.0000 
(epoch: 44, iters: 6400, time: 0.016, data: 0.040) G_GAN: -0.3593 D: 0.0021 G_GAN2: 0.2925 D2: 0.0069 G_L1: 0.0254 z_L1: 0.3696 kl: 0.0009 gradient_penalty: 0.0071 errNE: -10.0000 
bands 4 excess boundary  -1.0 4.1
/gpfs/sharedfs1/manoslab/data/Qdata/GAN_CD/Downscaling/VIIRs_RAPID/Samples/RAPIDonly_PerW05_buf1575_R20_256/S1B_IW_GRDH_1SDV_20170713T015900_20170713T015925_006463_00B5D1_B8F7_-120_1810194653584_38_88641998419739_04782146984994844_005.npz
(epoch: 44, iters: 9600, time: 0.016, data: 0.017) G_GAN: -0.2983 D: 0.0008 G_GAN2: 0.3102 D2: 0.0020 G_L1: 0.0306 z_L1: 0.3803 kl: 0.0008 gradient_penalty: 0.0022 errNE: -10.0000 
(epoch: 44, iters: 12800, time: 0.016, data: 0.016) G_GAN: -0.2412 D: 0.0007 G_GAN2: -0.1174 D2: 0.7819 G_L1: 0.0219 z_L1: 0.4145 kl: 0.0005 gradient_penalty: 0.7820 errNE: -10.0000 
(epoch: 44, iters: 16000, time: 0.016, data: 0.019) G_GAN: -0.1756 D: 0.0049 G_GAN2: -1.3298 D2: 0.0423 G_L1: 0.0290 z_L1: 0.4024 kl: 0.0004 gradient_penalty: 0.0423 errNE: -10.0000 
(epoch: 44, iters: 19200, time: 0.017, data: 0.017) G_GAN: -0.0255 D: 0.0007 G_GAN2: -0.8198 D2: 0.0104 G_L1: 0.0238 z_L1: 0.3886 kl: 0.0007 gradient_penalty: 0.0103 errNE: -10.0000 
(epoch: 44, iters: 22400, time: 0.016, data: 0.017) G_GAN: -0.0570 D: 0.0005 G_GAN2: -0.6696 D2: 0.0106 G_L1: 0.0260 z_L1: 0.4115 kl: 0.0009 gradient_penalty: 0.0106 errNE: -10.0000 
bands 4 excess boundary  -1.0 4.1
/gpfs/sharedfs1/manoslab/data/Qdata/GAN_CD/Downscaling/VIIRs_RAPID/Samples/RAPIDonly_PerW05_buf1575_R20_256/S1B_IW_GRDH_1SDV_20190522T011138_20190522T011203_016350_01EC5D_D743_-110_31982369223368_46_036732364078986_06613409305938776_005.npz
bands 4 excess boundary  -1.0 4.1
/gpfs/sharedfs1/manoslab/data/Qdata/GAN_CD/Downscaling/VIIRs_RAPID/Samples/RAPIDonly_PerW05_buf1575_R20_256/S1B_IW_GRDH_1SDV_20170713T015900_20170713T015925_006463_00B5D1_B8F7_-120_16484979024426_38_87025030908324_04782146984994844_005.npz
(epoch: 44, iters: 25600, time: 0.017, data: 0.012) G_GAN: -0.0457 D: 0.0016 G_GAN2: -0.5976 D2: 0.0176 G_L1: 0.0303 z_L1: 0.3765 kl: 0.0026 gradient_penalty: 0.0175 errNE: -10.0000 
(epoch: 44, iters: 28800, time: 0.016, data: 0.014) G_GAN: 0.0231 D: 0.0015 G_GAN2: -0.3752 D2: 0.0141 G_L1: 0.0272 z_L1: 0.3751 kl: 0.0012 gradient_penalty: 0.0139 errNE: -10.0000 
(epoch: 44, iters: 32000, time: 0.016, data: 0.013) G_GAN: 0.0474 D: 0.0014 G_GAN2: -0.3439 D2: 0.0056 G_L1: 0.0228 z_L1: 0.3616 kl: 0.0014 gradient_penalty: 0.0056 errNE: -10.0000 
(epoch: 44, iters: 35200, time: 0.016, data: 0.018) G_GAN: 0.1413 D: 0.0003 G_GAN2: -0.3339 D2: 0.0102 G_L1: 0.0315 z_L1: 0.3913 kl: 0.0012 gradient_penalty: 0.0101 errNE: -10.0000 
(epoch: 44, iters: 38400, time: 0.016, data: 0.039) G_GAN: 0.1385 D: 0.0004 G_GAN2: -0.2627 D2: 0.0058 G_L1: 0.0248 z_L1: 0.3814 kl: 0.0012 gradient_penalty: 0.0057 errNE: -10.0000 
(epoch: 44, iters: 41600, time: 0.016, data: 0.012) G_GAN: 0.0866 D: 0.0003 G_GAN2: -0.3589 D2: 0.0038 G_L1: 0.0271 z_L1: 0.3762 kl: 0.0007 gradient_penalty: 0.0037 errNE: -10.0000 
(epoch: 44, iters: 44800, time: 0.017, data: 0.022) G_GAN: 0.1272 D: 0.0007 G_GAN2: -0.3428 D2: 0.0096 G_L1: 0.0209 z_L1: 0.3914 kl: 0.0008 gradient_penalty: 0.0095 errNE: -10.0000 
(epoch: 44, iters: 48000, time: 0.016, data: 0.018) G_GAN: 0.1252 D: 0.0007 G_GAN2: -0.2543 D2: 0.0346 G_L1: 0.0265 z_L1: 0.3925 kl: 0.0009 gradient_penalty: 0.0345 errNE: -10.0000 
(epoch: 44, iters: 51200, time: 0.016, data: 0.015) G_GAN: 0.1510 D: 0.0005 G_GAN2: -0.1486 D2: 0.0097 G_L1: 0.0248 z_L1: 0.3857 kl: 0.0007 gradient_penalty: 0.0096 errNE: -10.0000 
(epoch: 44, iters: 54400, time: 0.017, data: 0.012) G_GAN: 0.0625 D: 0.0011 G_GAN2: -0.1822 D2: 0.0028 G_L1: 0.0228 z_L1: 0.3891 kl: 0.0011 gradient_penalty: 0.0027 errNE: -10.0000 
(epoch: 44, iters: 57600, time: 0.017, data: 0.017) G_GAN: 0.1763 D: 0.0028 G_GAN2: -0.2235 D2: 0.0029 G_L1: 0.0247 z_L1: 0.3754 kl: 0.0004 gradient_penalty: 0.0029 errNE: -10.0000 
End of epoch 44 / 1000 	 Time Taken: 907 sec
learning rate = 0.0001000
(epoch: 45, iters: 2432, time: 0.017, data: 0.013) G_GAN: 0.1027 D: 0.0059 G_GAN2: -0.1164 D2: 0.0043 G_L1: 0.0270 z_L1: 0.3607 kl: 0.0009 gradient_penalty: 0.0043 errNE: -10.0000 
slurmstepd: error: *** JOB 119447 ON gpu16 CANCELLED AT 2022-12-02T13:29:06 ***
